[2018-05-12T12:15:19.462] [INFO] default - On prepare started
[2018-05-12T12:15:26.024] [INFO] default - Начало теста на проверку названия фильма
[2018-05-12T12:15:28.106] [INFO] default - Тест пройден,полученное название фильма The Maze Runner совпадает с ожидаемым названием The Maze Runner
[2018-05-12T12:15:29.071] [INFO] default - Начало теста на проверку рейтинга
[2018-05-12T12:15:31.293] [INFO] default - The rating of film is 8
[2018-05-12T12:15:32.418] [INFO] default - Начало теста на проверку наличия подобных фильмов
[2018-05-12T12:15:34.452] [INFO] default - Number of similar movies is 12
[2018-05-12T12:15:35.002] [INFO] default - Искомый фильм включает такие жанры Action,Science Fiction
[2018-05-12T12:15:37.367] [INFO] default - Подобный фильм включает такие жанры Science Fiction,Action,Adventure
[2018-05-12T12:15:37.368] [INFO] default - Фильмы совпадают по таким жанрам: Science Fiction,Action
[2018-05-12T12:15:38.258] [INFO] default - Начало теста на наличие фото актеров на странице фильма
[2018-05-12T12:15:40.228] [INFO] default - Фото присутствуют в количестве 4 и имя первого актера Elijah Wood
[2018-05-12T12:15:40.998] [INFO] default - Начало теста на наличие ревью на странице фильма
[2018-05-12T12:15:42.601] [INFO] default - Ревью присутствуют на странице в количестве 2 и текст первого ревью такой: The movie was not great. I don't like action movies that much but I'm expecting some good fighting scenes since this is a Marvel movie. I was disappointed. It was mostly talking and I don't understand half of what the actors were saying. I should watch this with subtitles next time.
[2018-05-12T12:15:43.320] [INFO] default - Начало теста на проверку внешней интернет страницы ревьюера
[2018-05-12T12:15:45.948] [INFO] default - Тест пршел успешно, данная страница доступна и полное ревью фильма с внешней интернет страницы ревьюера такой: When monstrous, building-sized creatures (dubbed "kaiju") hell-bent on destruction begin pouring out of an extra-dimensional fissure at the bottom of the Pacific Ocean, humanity bands together to build titanic mechas called jaegers, each controlled simultaneously by two pilots whose minds are linked through a neural bond called "The Drift." As the kaiju get stronger and the signs point to an all-out flood of the beasts, the fate of humanity looks bleak, and the surviving jaegers are brought together for one last-ditch attempt at saving the world.
[2018-05-12T12:15:46.673] [INFO] default - Начало теста на отсутствие поисквой строки на странице популярных фильмов
[2018-05-12T12:15:48.274] [INFO] default - Тест прошел успешно, поисковая строка на странице популярных фильмов отсутствует
[2018-05-12T12:15:48.974] [INFO] default - Начало теста на проверки наличия фразы "First Air Date" в разделе популярынх фильмов в блоке первого выхода на экраны
[2018-05-12T12:15:50.106] [INFO] default - Тест прошел успешно, данный текст присутствует в каждом блоке первого выхода на экраны и количество популярных фильмов на сайте -20
[2018-05-12T12:15:50.106] [INFO] result - undefined
[2018-05-12T12:15:50.122] [INFO] result - [92m [0m[32m %d passing[0m[90m (%s)[0m
[2018-05-12T12:15:50.122] [INFO] result - undefined
[2018-05-12T12:15:50.412] [INFO] result - [[90m12:15:50[39m] I/launcher -
[2018-05-12T12:17:42.712] [INFO] result - On prepare started
[2018-05-12T12:17:47.859] [INFO] default - Начало теста на проверку работы поиска фильма
[2018-05-12T12:17:49.813] [INFO] default - Начало теста на проверку работы поиска фильма относительно всех результатов поиска
[2018-05-12T12:17:51.882] [INFO] default - Начало теста на проверку работы поиска фильма если ищется фильм с несуществующим названием
[2018-05-12T12:17:53.345] [INFO] result - search results is empty
[2018-05-12T12:17:54.205] [INFO] default - Начало теста на наличие названия фильма на странице фильма
[2018-05-12T12:17:54.265] [INFO] default - Тест пройден и название фильма The Godfather: Part II
[2018-05-12T12:17:55.020] [INFO] default - Начало теста на наличие рейтинга у фильма
[2018-05-12T12:17:55.062] [INFO] default - Тест пройден, количество фильмов - 20 совпадает с количеством рейтингов фильмов - 20
[2018-05-12T12:17:56.001] [INFO] default - Начало теста на наличие соответствия содержания фильма с названием фильма
[2018-05-12T12:17:58.552] [INFO] default - Содержание фильма с названием Spirited Away такое - A young girl, Chihiro, becomes trapped in a strange new world of spirits. When her parents undergo a mysterious transformation, she must call upon the courage she never knew she had to free her family.
[2018-05-12T12:17:59.446] [INFO] default - Начало теста на проверку открытия страницы "Upcoming movies"
[2018-05-12T12:18:01.084] [INFO] default - Начало теста на проверку открытия страницы "Popular series"
[2018-05-12T12:18:02.581] [INFO] default - Начало теста на проверку открытия страницы c категорией фильмов "Action category"
[2018-05-12T12:18:03.109] [INFO] result - undefined
[2018-05-12T12:18:03.109] [INFO] result - [92m [0m[32m %d passing[0m[90m (%s)[0m
[2018-05-12T12:18:03.109] [INFO] result - [31m  %d failing[0m
[2018-05-12T12:18:03.109] [INFO] result - undefined
[2018-05-12T12:18:03.109] [INFO] result - [0m  %s) %s:
[0m[31m     %s[0m[90m
%s
[0m
[2018-05-12T12:18:03.109] [INFO] result - [0m  %s) %s:
[0m[31m     %s[0m[90m
%s
[0m
[2018-05-12T12:18:03.109] [INFO] result - [0m  %s) %s:
[0m[31m     %s[0m[90m
%s
[0m
[2018-05-12T12:18:03.109] [INFO] result - [0m  %s) %s:
[0m[31m     %s[0m[90m
%s
[0m
[2018-05-12T12:18:03.109] [INFO] result - [0m  %s) %s:
[0m[31m     %s[0m[90m
%s
[0m
[2018-05-12T12:18:03.109] [INFO] result - [0m  %s) %s:
[0m[31m     %s[0m[90m
%s
[0m
[2018-05-12T12:18:03.109] [INFO] result - undefined
[2018-05-12T12:18:03.109] [INFO] result - undefined
[2018-05-12T12:18:03.265] [INFO] result - [[90m12:18:03[39m] I/launcher -
[2018-05-12T12:22:40.283] [INFO] result - On prepare started
[2018-05-12T12:22:45.066] [INFO] default - Начало теста на проверку работы поиска фильма
[2018-05-12T12:22:45.805] [INFO] default - Тест пройден, полное название фильмаPacific Rim
[2018-05-12T12:22:46.598] [INFO] default - Начало теста на проверку работы поиска фильма относительно всех результатов поиска
[2018-05-12T12:22:48.739] [INFO] default - Начало теста на проверку работы поиска фильма если ищется фильм с несуществующим названием
[2018-05-12T12:22:50.499] [INFO] result - search results is empty
[2018-05-12T12:22:51.540] [INFO] default - Тест пройден, в результате поиска не найдено соответсвующих фильмов
[2018-05-12T12:22:52.445] [INFO] default - Начало теста на наличие названия фильма на странице фильма
[2018-05-12T12:22:52.506] [INFO] default - Тест пройден и название фильма The Godfather: Part II
[2018-05-12T12:22:53.396] [INFO] default - Начало теста на наличие рейтинга у фильма
[2018-05-12T12:22:53.451] [INFO] default - Тест пройден, количество фильмов - 20 совпадает с количеством рейтингов фильмов - 20
[2018-05-12T12:22:54.351] [INFO] default - Начало теста на наличие соответствия содержания фильма с названием фильма
[2018-05-12T12:22:56.493] [INFO] default - Содержание фильма с названием Spirited Away такое - A young girl, Chihiro, becomes trapped in a strange new world of spirits. When her parents undergo a mysterious transformation, she must call upon the courage she never knew she had to free her family.
[2018-05-12T12:22:57.473] [INFO] default - Начало теста на проверку открытия страницы "Upcoming movies"
[2018-05-12T12:22:58.154] [INFO] default - Тест пройден, данная страница соответствует разделу "Upcoming movies"
[2018-05-12T12:22:58.913] [INFO] default - Начало теста на проверку открытия страницы "Popular series"
[2018-05-12T12:22:59.652] [INFO] default - Тест пройден, данная страница соответствует разделу "Popular series"
[2018-05-12T12:23:00.524] [INFO] default - Начало теста на проверку открытия страницы c категорией фильмов "Action category"
[2018-05-12T12:23:01.065] [INFO] default - Тест пройден, данная страница соответствует разделу "Action category"
[2018-05-12T12:23:01.081] [INFO] result - undefined
[2018-05-12T12:23:01.081] [INFO] result - [92m [0m[32m %d passing[0m[90m (%s)[0m
[2018-05-12T12:23:01.081] [INFO] result - [31m  %d failing[0m
[2018-05-12T12:23:01.081] [INFO] result - undefined
[2018-05-12T12:23:01.081] [INFO] result - [0m  %s) %s:
[0m[31m     %s[0m[90m
%s
[0m
[2018-05-12T12:23:01.081] [INFO] result - undefined
[2018-05-12T12:23:01.081] [INFO] result - undefined
[2018-05-12T12:23:01.267] [INFO] result - [[90m12:23:01[39m] I/launcher -
