[2018-03-06T18:05:41.312] [INFO] default - On prepare started
[2018-03-06T18:05:42.911] [INFO] result - [7m[1m
 JASMINE STARTING: 
[22m[27m
[2018-03-06T18:05:42.929] [INFO] result - 
[2018-03-06T18:05:42.930] [INFO] result - [36m[9m» [29m[39m[1mmovie-finders tests[22m
[2018-03-06T18:05:42.932] [INFO] result - 
[2018-03-06T18:05:42.933] [INFO] result - 	[36m[9m» [29m[39m[1mMovie details[22m
[2018-03-06T18:05:42.934] [INFO] result - 		[90m[9m▻  [29m[39mshould have movie name as header
[2018-03-06T18:05:48.538] [INFO] default - Начало теста на проверку названия фильма
[2018-03-06T18:05:53.111] [INFO] default - Тест пройден,полученное название фильма The Maze Runner совпадает с ожидаемым названием The Maze Runner
[2018-03-06T18:05:53.117] [INFO] result - 		[31m[9m✗  [29m[39mshould have movie name as header[90m ([9m10 s[29m)[39m
[2018-03-06T18:05:53.118] [INFO] result - 			[31m- [39m[31mElement By(css selector, .col-sm-3 movie-card img) was expected to be shown in 3000 milliseconds but is NOT visible[39m
[2018-03-06T18:05:53.118] [INFO] result - 			[31m- [39m[31mElement By(xpath, //*[@class='row is-flex']) was expected NOT to be shown in 3000 milliseconds but is visible[39m
[2018-03-06T18:05:53.119] [INFO] result - 		[90m[9m▻  [29m[39mshould have raiting
[2018-03-06T18:05:53.120] [INFO] result - 		[90m[9m#  [29m[39mshould have raiting
[2018-03-06T18:05:53.120] [INFO] result - 		[90m[9m▻  [29m[39mshould have simular movies block with atleast one movie
[2018-03-06T18:05:53.121] [INFO] result - 		[90m[9m#  [29m[39mshould have simular movies block with atleast one movie
[2018-03-06T18:05:53.122] [INFO] result - 
[2018-03-06T18:05:53.122] [INFO] result - 	[36m[9m» [29m[39m[1mcast block[22m
[2018-03-06T18:05:53.123] [INFO] result - 		[90m[9m▻  [29m[39mshould show atleast one actor
[2018-03-06T18:05:53.123] [INFO] result - 		[90m[9m#  [29m[39mshould show atleast one actor
[2018-03-06T18:05:53.124] [INFO] result - 
[2018-03-06T18:05:53.124] [INFO] result - 	[36m[9m» [29m[39m[1mreviews block[22m
[2018-03-06T18:05:53.125] [INFO] result - 		[90m[9m▻  [29m[39mshould be atleast one review
[2018-03-06T18:05:53.125] [INFO] result - 		[90m[9m#  [29m[39mshould be atleast one review
[2018-03-06T18:05:53.125] [INFO] result - 		[90m[9m▻  [29m[39mshould have reviewer name as link to source
[2018-03-06T18:05:53.126] [INFO] result - 		[90m[9m#  [29m[39mshould have reviewer name as link to source
[2018-03-06T18:05:53.126] [INFO] result - 
[2018-03-06T18:05:53.126] [INFO] result - 	[36m[9m» [29m[39m[1mPopular series[22m
[2018-03-06T18:05:53.127] [INFO] result - 		[90m[9m▻  [29m[39mshouldnt have search bar
[2018-03-06T18:05:53.129] [INFO] result - 		[90m[9m#  [29m[39mshouldnt have search bar
[2018-03-06T18:05:53.129] [INFO] result - 		[90m[9m▻  [29m[39mshould have "First Air Date" instead "Release Date"
[2018-03-06T18:05:53.129] [INFO] result - 		[90m[9m#  [29m[39mshould have "First Air Date" instead "Release Date"
[2018-03-06T18:05:53.130] [INFO] result - 
[2018-03-06T18:05:53.136] [INFO] result - 
[2018-03-06T18:05:53.137] [INFO] result - **************************************************
[2018-03-06T18:05:53.137] [INFO] result - *                   [7m[1m Summary [22m[27m                    *
[2018-03-06T18:05:53.137] [INFO] result - **************************************************
[2018-03-06T18:05:53.137] [INFO] result - 
[2018-03-06T18:05:53.138] [INFO] result - [3m[90mExecuted [39m[9m1[29m[90m out of [39m[9m8[29m[90m specs [39m[90min [39m[90m[9m10 s[29m[39m[23m
[2018-03-06T18:05:53.138] [INFO] result - 
[2018-03-06T18:05:53.138] [INFO] result - 	[32mPASSED   0 ( 0% )[39m
[2018-03-06T18:05:53.138] [INFO] result - 	[31mFAILED   1 ( 12.5% )[39m
[2018-03-06T18:05:53.139] [INFO] result - 	[33mSKIPPED  7 ( 87.5% )[39m
[2018-03-06T18:05:53.139] [INFO] result - 
[2018-03-06T18:05:53.139] [INFO] result - 
[2018-03-06T18:05:53.139] [INFO] result - **************************************************
[2018-03-06T18:05:53.140] [INFO] result - *                   [7m[1m Failures [22m[27m                   *
[2018-03-06T18:05:53.141] [INFO] result - **************************************************
[2018-03-06T18:05:53.141] [INFO] result - 
[2018-03-06T18:05:53.141] [INFO] result - 1) [1mmovie-finders tests Movie details should have movie name as header[22m
[2018-03-06T18:05:53.142] [INFO] result - 	[31m- [39m[31mElement By(css selector, .col-sm-3 movie-card img) was expected to be shown in 3000 milliseconds but is NOT visible[39m
[2018-03-06T18:05:53.142] [INFO] result - 	[31m    at UserContext.<anonymous> (C:\Users\Alek\Documents\GitHub\5-startit-movie-finder-delfin123\Hometask5\lesson5task.ts:32:69)
    at Generator.next (<anonymous>)
    at fulfilled (C:\Users\Alek\Documents\GitHub\5-startit-movie-finder-delfin123\Hometask5\lesson5task.ts:4:58)
    at <anonymous>
    at process._tickCallback (internal/process/next_tick.js:160:7)[39m
[2018-03-06T18:05:53.142] [INFO] result - 	[31m- [39m[31mElement By(xpath, //*[@class='row is-flex']) was expected NOT to be shown in 3000 milliseconds but is visible[39m
[2018-03-06T18:05:53.143] [INFO] result - 	[31m    at UserContext.<anonymous> (C:\Users\Alek\Documents\GitHub\5-startit-movie-finder-delfin123\Hometask5\lesson5task.ts:33:79)
    at Generator.next (<anonymous>)
    at fulfilled (C:\Users\Alek\Documents\GitHub\5-startit-movie-finder-delfin123\Hometask5\lesson5task.ts:4:58)
    at <anonymous>
    at process._tickCallback (internal/process/next_tick.js:160:7)[39m
[2018-03-06T18:05:53.143] [INFO] result - 
[2018-03-06T18:05:53.330] [INFO] result - [[90m18:05:53[39m] I/launcher -
[2018-03-06T18:07:06.558] [INFO] default - On prepare started
[2018-03-06T18:07:08.021] [INFO] result - [7m[1m
 JASMINE STARTING: 
[22m[27m
[2018-03-06T18:07:08.021] [INFO] result - 
[2018-03-06T18:07:08.021] [INFO] result - [36m[9m» [29m[39m[1mmovie-finders tests[22m
[2018-03-06T18:07:08.021] [INFO] result - 
[2018-03-06T18:07:08.021] [INFO] result - 	[36m[9m» [29m[39m[1mMovie details[22m
[2018-03-06T18:07:08.021] [INFO] result - 		[90m[9m▻  [29m[39mshould have movie name as header
[2018-03-06T18:07:12.465] [INFO] default - Начало теста на проверку названия фильма
[2018-03-06T18:07:33.858] [INFO] default - Тест пройден,полученное название фильма The Maze Runner совпадает с ожидаемым названием The Maze Runner
[2018-03-06T18:07:33.864] [INFO] result - 		[31m[9m✗  [29m[39mshould have movie name as header[90m ([9m26 s[29m)[39m
[2018-03-06T18:07:33.865] [INFO] result - 			[31m- [39m[31mElement By(xpath, //*[@class='row is-flex']) was expected NOT to be shown in 3000 milliseconds but is visible[39m
[2018-03-06T18:07:33.866] [INFO] result - 			[31m- [39m[31mElement By(css selector, .col-sm-3 movie-card img) was expected to be shown in 20000 milliseconds but is NOT visible[39m
[2018-03-06T18:07:33.866] [INFO] result - 		[90m[9m▻  [29m[39mshould have raiting
[2018-03-06T18:07:33.867] [INFO] result - 		[90m[9m#  [29m[39mshould have raiting
[2018-03-06T18:07:33.868] [INFO] result - 		[90m[9m▻  [29m[39mshould have simular movies block with atleast one movie
[2018-03-06T18:07:33.869] [INFO] result - 		[90m[9m#  [29m[39mshould have simular movies block with atleast one movie
[2018-03-06T18:07:33.870] [INFO] result - 
[2018-03-06T18:07:33.870] [INFO] result - 	[36m[9m» [29m[39m[1mcast block[22m
[2018-03-06T18:07:33.871] [INFO] result - 		[90m[9m▻  [29m[39mshould show atleast one actor
[2018-03-06T18:07:33.871] [INFO] result - 		[90m[9m#  [29m[39mshould show atleast one actor
[2018-03-06T18:07:33.872] [INFO] result - 
[2018-03-06T18:07:33.872] [INFO] result - 	[36m[9m» [29m[39m[1mreviews block[22m
[2018-03-06T18:07:33.873] [INFO] result - 		[90m[9m▻  [29m[39mshould be atleast one review
[2018-03-06T18:07:33.874] [INFO] result - 		[90m[9m#  [29m[39mshould be atleast one review
[2018-03-06T18:07:33.874] [INFO] result - 		[90m[9m▻  [29m[39mshould have reviewer name as link to source
[2018-03-06T18:07:33.875] [INFO] result - 		[90m[9m#  [29m[39mshould have reviewer name as link to source
[2018-03-06T18:07:33.876] [INFO] result - 
[2018-03-06T18:07:33.876] [INFO] result - 	[36m[9m» [29m[39m[1mPopular series[22m
[2018-03-06T18:07:33.876] [INFO] result - 		[90m[9m▻  [29m[39mshouldnt have search bar
[2018-03-06T18:07:33.880] [INFO] result - 		[90m[9m#  [29m[39mshouldnt have search bar
[2018-03-06T18:07:33.880] [INFO] result - 		[90m[9m▻  [29m[39mshould have "First Air Date" instead "Release Date"
[2018-03-06T18:07:33.881] [INFO] result - 		[90m[9m#  [29m[39mshould have "First Air Date" instead "Release Date"
[2018-03-06T18:07:33.882] [INFO] result - 
[2018-03-06T18:07:33.890] [INFO] result - 
[2018-03-06T18:07:33.891] [INFO] result - **************************************************
[2018-03-06T18:07:33.891] [INFO] result - *                   [7m[1m Summary [22m[27m                    *
[2018-03-06T18:07:33.892] [INFO] result - **************************************************
[2018-03-06T18:07:33.892] [INFO] result - 
[2018-03-06T18:07:33.892] [INFO] result - [3m[90mExecuted [39m[9m1[29m[90m out of [39m[9m8[29m[90m specs [39m[90min [39m[90m[9m26 s[29m[39m[23m
[2018-03-06T18:07:33.892] [INFO] result - 
[2018-03-06T18:07:33.893] [INFO] result - 	[32mPASSED   0 ( 0% )[39m
[2018-03-06T18:07:33.893] [INFO] result - 	[31mFAILED   1 ( 12.5% )[39m
[2018-03-06T18:07:33.893] [INFO] result - 	[33mSKIPPED  7 ( 87.5% )[39m
[2018-03-06T18:07:33.894] [INFO] result - 
[2018-03-06T18:07:33.894] [INFO] result - 
[2018-03-06T18:07:33.894] [INFO] result - **************************************************
[2018-03-06T18:07:33.894] [INFO] result - *                   [7m[1m Failures [22m[27m                   *
[2018-03-06T18:07:33.895] [INFO] result - **************************************************
[2018-03-06T18:07:33.896] [INFO] result - 
[2018-03-06T18:07:33.896] [INFO] result - 1) [1mmovie-finders tests Movie details should have movie name as header[22m
[2018-03-06T18:07:33.896] [INFO] result - 	[31m- [39m[31mElement By(xpath, //*[@class='row is-flex']) was expected NOT to be shown in 3000 milliseconds but is visible[39m
[2018-03-06T18:07:33.897] [INFO] result - 	[31m    at UserContext.<anonymous> (C:\Users\Alek\Documents\GitHub\5-startit-movie-finder-delfin123\Hometask5\lesson5task.ts:33:79)
    at Generator.next (<anonymous>)
    at fulfilled (C:\Users\Alek\Documents\GitHub\5-startit-movie-finder-delfin123\Hometask5\lesson5task.ts:4:58)
    at <anonymous>
    at process._tickCallback (internal/process/next_tick.js:160:7)[39m
[2018-03-06T18:07:33.898] [INFO] result - 	[31m- [39m[31mElement By(css selector, .col-sm-3 movie-card img) was expected to be shown in 20000 milliseconds but is NOT visible[39m
[2018-03-06T18:07:33.898] [INFO] result - 	[31m    at UserContext.<anonymous> (C:\Users\Alek\Documents\GitHub\5-startit-movie-finder-delfin123\Hometask5\lesson5task.ts:32:69)
    at Generator.next (<anonymous>)
    at fulfilled (C:\Users\Alek\Documents\GitHub\5-startit-movie-finder-delfin123\Hometask5\lesson5task.ts:4:58)
    at <anonymous>
    at process._tickCallback (internal/process/next_tick.js:160:7)[39m
[2018-03-06T18:07:33.898] [INFO] result - 
[2018-03-06T18:07:34.077] [INFO] result - [[90m18:07:34[39m] I/launcher -
[2018-03-06T18:08:07.900] [INFO] default - On prepare started
[2018-03-06T18:08:09.285] [INFO] result - [7m[1m
 JASMINE STARTING: 
[22m[27m
[2018-03-06T18:08:09.285] [INFO] result - 
[2018-03-06T18:08:09.285] [INFO] result - [36m[9m» [29m[39m[1mmovie-finders tests[22m
[2018-03-06T18:08:09.285] [INFO] result - 
[2018-03-06T18:08:09.285] [INFO] result - 	[36m[9m» [29m[39m[1mMovie details[22m
[2018-03-06T18:08:09.285] [INFO] result - 		[90m[9m▻  [29m[39mshould have movie name as header
[2018-03-06T18:08:13.779] [INFO] default - Начало теста на проверку названия фильма
[2018-03-06T18:08:45.202] [INFO] result - 		[31m[9m✗  [29m[39mshould have movie name as header[90m ([9m36 s[29m)[39m
[2018-03-06T18:08:45.203] [INFO] result - 			[31m- [39m[31mFailed: chrome not reachable
  (Session info: chrome=64.0.3282.186)
  (Driver info: chromedriver=2.36.540470 (e522d04694c7ebea4ba8821272dbef4f9b818c91),platform=Windows NT 10.0.16299 x86_64)[39m
[2018-03-06T18:08:45.204] [INFO] result - 			[31m- [39m[31mElement By(css selector, .col-sm-3 movie-card img) was expected to be shown in 20000 milliseconds but is NOT visible[39m
[2018-03-06T18:08:45.204] [INFO] result - 			[31m- [39m[31mElement By(xpath, //*[@class='row is-flex']) was expected NOT to be shown in 20000 milliseconds but is visible[39m
[2018-03-06T18:08:45.205] [INFO] result - 		[90m[9m▻  [29m[39mshould have raiting
[2018-03-06T18:08:45.206] [INFO] result - 		[90m[9m#  [29m[39mshould have raiting
[2018-03-06T18:08:45.206] [INFO] result - 		[90m[9m▻  [29m[39mshould have simular movies block with atleast one movie
[2018-03-06T18:08:45.207] [INFO] result - 		[90m[9m#  [29m[39mshould have simular movies block with atleast one movie
[2018-03-06T18:08:45.208] [INFO] result - 
[2018-03-06T18:08:45.208] [INFO] result - 	[36m[9m» [29m[39m[1mcast block[22m
[2018-03-06T18:08:45.209] [INFO] result - 		[90m[9m▻  [29m[39mshould show atleast one actor
[2018-03-06T18:08:45.209] [INFO] result - 		[90m[9m#  [29m[39mshould show atleast one actor
[2018-03-06T18:08:45.209] [INFO] result - 
[2018-03-06T18:08:45.210] [INFO] result - 	[36m[9m» [29m[39m[1mreviews block[22m
[2018-03-06T18:08:45.211] [INFO] result - 		[90m[9m▻  [29m[39mshould be atleast one review
[2018-03-06T18:08:45.212] [INFO] result - 		[90m[9m#  [29m[39mshould be atleast one review
[2018-03-06T18:08:45.212] [INFO] result - 		[90m[9m▻  [29m[39mshould have reviewer name as link to source
[2018-03-06T18:08:45.213] [INFO] result - 		[90m[9m#  [29m[39mshould have reviewer name as link to source
[2018-03-06T18:08:45.213] [INFO] result - 
[2018-03-06T18:08:45.214] [INFO] result - 	[36m[9m» [29m[39m[1mPopular series[22m
[2018-03-06T18:08:45.214] [INFO] result - 		[90m[9m▻  [29m[39mshouldnt have search bar
[2018-03-06T18:08:45.215] [INFO] result - 		[90m[9m#  [29m[39mshouldnt have search bar
[2018-03-06T18:08:45.215] [INFO] result - 		[90m[9m▻  [29m[39mshould have "First Air Date" instead "Release Date"
[2018-03-06T18:08:45.216] [INFO] result - 		[90m[9m#  [29m[39mshould have "First Air Date" instead "Release Date"
[2018-03-06T18:08:45.216] [INFO] result - 
[2018-03-06T18:08:45.227] [INFO] result - 
[2018-03-06T18:08:45.227] [INFO] result - **************************************************
[2018-03-06T18:08:45.227] [INFO] result - *                   [7m[1m Summary [22m[27m                    *
[2018-03-06T18:08:45.228] [INFO] result - **************************************************
[2018-03-06T18:08:45.229] [INFO] result - 
[2018-03-06T18:08:45.229] [INFO] result - [3m[90mExecuted [39m[9m1[29m[90m out of [39m[9m8[29m[90m specs [39m[90min [39m[90m[9m36 s[29m[39m[23m
[2018-03-06T18:08:45.230] [INFO] result - 
[2018-03-06T18:08:45.230] [INFO] result - 	[32mPASSED   0 ( 0% )[39m
[2018-03-06T18:08:45.230] [INFO] result - 	[31mFAILED   1 ( 12.5% )[39m
[2018-03-06T18:08:45.230] [INFO] result - 	[33mSKIPPED  7 ( 87.5% )[39m
[2018-03-06T18:08:45.231] [INFO] result - 
[2018-03-06T18:08:45.231] [INFO] result - 
[2018-03-06T18:08:45.233] [INFO] result - **************************************************
[2018-03-06T18:08:45.234] [INFO] result - *                   [7m[1m Failures [22m[27m                   *
[2018-03-06T18:08:45.234] [INFO] result - **************************************************
[2018-03-06T18:08:45.235] [INFO] result - 
[2018-03-06T18:08:45.235] [INFO] result - 1) [1mmovie-finders tests Movie details should have movie name as header[22m
[2018-03-06T18:08:45.236] [INFO] result - 	[31m- [39m[31mFailed: chrome not reachable
  (Session info: chrome=64.0.3282.186)
  (Driver info: chromedriver=2.36.540470 (e522d04694c7ebea4ba8821272dbef4f9b818c91),platform=Windows NT 10.0.16299 x86_64)[39m
[2018-03-06T18:08:45.236] [INFO] result - 	[31m  (Session info: chrome=64.0.3282.186)
  (Driver info: chromedriver=2.36.540470 (e522d04694c7ebea4ba8821272dbef4f9b818c91),platform=Windows NT 10.0.16299 x86_64)
    at Object.checkLegacyResponse (C:\Users\Alek\Documents\GitHub\5-startit-movie-finder-delfin123\node_modules\selenium-webdriver\lib\error.js:546:15)
    at parseHttpResponse (C:\Users\Alek\Documents\GitHub\5-startit-movie-finder-delfin123\node_modules\selenium-webdriver\lib\http.js:509:13)
    at doSend.then.response (C:\Users\Alek\Documents\GitHub\5-startit-movie-finder-delfin123\node_modules\selenium-webdriver\lib\http.js:441:30)
    at <anonymous>
    at process._tickCallback (internal/process/next_tick.js:160:7)
From asynchronous test: 
Error
    at Suite.<anonymous> (C:\Users\Alek\Documents\GitHub\5-startit-movie-finder-delfin123\Hometask5\lesson5task.ts:27:17)
    at Generator.next (<anonymous>)
    at C:\Users\Alek\Documents\GitHub\5-startit-movie-finder-delfin123\Hometask5\lesson5task.ts:7:71
    at new Promise (<anonymous>)
    at __awaiter (C:\Users\Alek\Documents\GitHub\5-startit-movie-finder-delfin123\Hometask5\lesson5task.ts:3:12)
    at Suite.<anonymous> (C:\Users\Alek\Documents\GitHub\5-startit-movie-finder-delfin123\Hometask5\lesson5task.ts:26:20)[39m
[2018-03-06T18:08:45.237] [INFO] result - 	[31m- [39m[31mElement By(css selector, .col-sm-3 movie-card img) was expected to be shown in 20000 milliseconds but is NOT visible[39m
[2018-03-06T18:08:45.238] [INFO] result - 	[31m    at UserContext.<anonymous> (C:\Users\Alek\Documents\GitHub\5-startit-movie-finder-delfin123\Hometask5\lesson5task.ts:32:69)
    at Generator.next (<anonymous>)
    at fulfilled (C:\Users\Alek\Documents\GitHub\5-startit-movie-finder-delfin123\Hometask5\lesson5task.ts:4:58)
    at <anonymous>
    at process._tickCallback (internal/process/next_tick.js:160:7)[39m
[2018-03-06T18:08:45.238] [INFO] result - 	[31m- [39m[31mElement By(xpath, //*[@class='row is-flex']) was expected NOT to be shown in 20000 milliseconds but is visible[39m
[2018-03-06T18:08:45.238] [INFO] result - 	[31m    at UserContext.<anonymous> (C:\Users\Alek\Documents\GitHub\5-startit-movie-finder-delfin123\Hometask5\lesson5task.ts:33:79)
    at Generator.next (<anonymous>)
    at fulfilled (C:\Users\Alek\Documents\GitHub\5-startit-movie-finder-delfin123\Hometask5\lesson5task.ts:4:58)
    at <anonymous>
    at process._tickCallback (internal/process/next_tick.js:160:7)[39m
[2018-03-06T18:08:45.239] [INFO] result - 
[2018-03-06T18:08:45.245] [INFO] result - [[90m18:08:45[39m] I/launcher -
[2018-03-06T18:08:55.587] [INFO] default - On prepare started
[2018-03-06T18:08:56.987] [INFO] result - [7m[1m
 JASMINE STARTING: 
[22m[27m
[2018-03-06T18:08:56.987] [INFO] result - 
[2018-03-06T18:08:56.987] [INFO] result - [36m[9m» [29m[39m[1mmovie-finders tests[22m
[2018-03-06T18:08:56.987] [INFO] result - 
[2018-03-06T18:08:56.987] [INFO] result - 	[36m[9m» [29m[39m[1mMovie details[22m
[2018-03-06T18:08:56.987] [INFO] result - 		[90m[9m▻  [29m[39mshould have movie name as header
[2018-03-06T18:09:01.071] [INFO] default - Начало теста на проверку названия фильма
[2018-03-06T18:09:01.797] [INFO] result - 		[32m[9m✓  [29m[39mshould have movie name as header[90m ([9m5 s[29m)[39m
[2018-03-06T18:09:01.797] [INFO] result - 		[90m[9m▻  [29m[39mshould have raiting
[2018-03-06T18:09:01.797] [INFO] result - 		[90m[9m#  [29m[39mshould have raiting
[2018-03-06T18:09:01.797] [INFO] result - 		[90m[9m▻  [29m[39mshould have simular movies block with atleast one movie
[2018-03-06T18:09:01.797] [INFO] result - 		[90m[9m#  [29m[39mshould have simular movies block with atleast one movie
[2018-03-06T18:09:01.797] [INFO] result - 
[2018-03-06T18:09:01.797] [INFO] result - 	[36m[9m» [29m[39m[1mcast block[22m
[2018-03-06T18:09:01.797] [INFO] result - 		[90m[9m▻  [29m[39mshould show atleast one actor
[2018-03-06T18:09:01.797] [INFO] result - 		[90m[9m#  [29m[39mshould show atleast one actor
[2018-03-06T18:09:01.797] [INFO] result - 
[2018-03-06T18:09:01.797] [INFO] result - 	[36m[9m» [29m[39m[1mreviews block[22m
[2018-03-06T18:09:01.797] [INFO] result - 		[90m[9m▻  [29m[39mshould be atleast one review
[2018-03-06T18:09:01.797] [INFO] result - 		[90m[9m#  [29m[39mshould be atleast one review
[2018-03-06T18:09:01.797] [INFO] result - 		[90m[9m▻  [29m[39mshould have reviewer name as link to source
[2018-03-06T18:09:01.797] [INFO] result - 		[90m[9m#  [29m[39mshould have reviewer name as link to source
[2018-03-06T18:09:01.797] [INFO] result - 
[2018-03-06T18:09:01.797] [INFO] result - 	[36m[9m» [29m[39m[1mPopular series[22m
[2018-03-06T18:09:01.797] [INFO] result - 		[90m[9m▻  [29m[39mshouldnt have search bar
[2018-03-06T18:09:01.813] [INFO] result - 		[90m[9m#  [29m[39mshouldnt have search bar
[2018-03-06T18:09:01.813] [INFO] result - 		[90m[9m▻  [29m[39mshould have "First Air Date" instead "Release Date"
[2018-03-06T18:09:01.813] [INFO] result - 		[90m[9m#  [29m[39mshould have "First Air Date" instead "Release Date"
[2018-03-06T18:09:01.816] [INFO] result - 
[2018-03-06T18:09:01.821] [INFO] result - 
[2018-03-06T18:09:01.821] [INFO] result - **************************************************
[2018-03-06T18:09:01.821] [INFO] result - *                   [7m[1m Summary [22m[27m                    *
[2018-03-06T18:09:01.822] [INFO] result - **************************************************
[2018-03-06T18:09:01.823] [INFO] result - 
[2018-03-06T18:09:01.824] [INFO] result - [3m[90mExecuted [39m[9m1[29m[90m out of [39m[9m8[29m[90m specs [39m[90min [39m[90m[9m5 s[29m[39m[23m
[2018-03-06T18:09:01.824] [INFO] result - 
[2018-03-06T18:09:01.824] [INFO] result - 	[32mPASSED   1 ( 12.5% )[39m
[2018-03-06T18:09:01.825] [INFO] result - 	[31mFAILED   0 ( 0% )[39m
[2018-03-06T18:09:01.825] [INFO] result - 	[33mSKIPPED  7 ( 87.5% )[39m
[2018-03-06T18:09:01.825] [INFO] result - 
[2018-03-06T18:09:01.995] [INFO] result - [[90m18:09:01[39m] I/launcher -
[2018-03-06T18:09:55.139] [INFO] default - On prepare started
[2018-03-06T18:09:56.519] [INFO] result - [7m[1m
 JASMINE STARTING: 
[22m[27m
[2018-03-06T18:09:56.519] [INFO] result - 
[2018-03-06T18:09:56.519] [INFO] result - [36m[9m» [29m[39m[1mmovie-finders tests[22m
[2018-03-06T18:09:56.519] [INFO] result - 
[2018-03-06T18:09:56.519] [INFO] result - 	[36m[9m» [29m[39m[1mMovie details[22m
[2018-03-06T18:09:56.519] [INFO] result - 		[90m[9m▻  [29m[39mshould have movie name as header
[2018-03-06T18:10:01.026] [INFO] default - Начало теста на проверку названия фильма
[2018-03-06T18:10:09.832] [INFO] result - 		[31m[9m✗  [29m[39mshould have movie name as header[90m ([9m13 s[29m)[39m
[2018-03-06T18:10:09.832] [INFO] result - 			[31m- [39m[31mFailed: no such window: target window already closed
from unknown error: web view not found
  (Session info: chrome=64.0.3282.186)
  (Driver info: chromedriver=2.36.540470 (e522d04694c7ebea4ba8821272dbef4f9b818c91),platform=Windows NT 10.0.16299 x86_64)[39m
[2018-03-06T18:10:09.832] [INFO] result - 			[31m- [39m[31mElement By(xpath, //*[@class='row is-flex']) was expected NOT to be shown in 20000 milliseconds but is visible[39m
[2018-03-06T18:10:09.832] [INFO] result - 			[31m- [39m[31mElement By(css selector, .col-sm-3 movie-card img) was expected to be shown in 20000 milliseconds but is NOT visible[39m
[2018-03-06T18:10:09.832] [INFO] result - 		[90m[9m▻  [29m[39mshould have raiting
[2018-03-06T18:10:09.832] [INFO] result - 		[90m[9m#  [29m[39mshould have raiting
[2018-03-06T18:10:09.832] [INFO] result - 		[90m[9m▻  [29m[39mshould have simular movies block with atleast one movie
[2018-03-06T18:10:09.832] [INFO] result - 		[90m[9m#  [29m[39mshould have simular movies block with atleast one movie
[2018-03-06T18:10:09.832] [INFO] result - 
[2018-03-06T18:10:09.832] [INFO] result - 	[36m[9m» [29m[39m[1mcast block[22m
[2018-03-06T18:10:09.832] [INFO] result - 		[90m[9m▻  [29m[39mshould show atleast one actor
[2018-03-06T18:10:09.832] [INFO] result - 		[90m[9m#  [29m[39mshould show atleast one actor
[2018-03-06T18:10:09.832] [INFO] result - 
[2018-03-06T18:10:09.832] [INFO] result - 	[36m[9m» [29m[39m[1mreviews block[22m
[2018-03-06T18:10:09.847] [INFO] result - 		[90m[9m▻  [29m[39mshould be atleast one review
[2018-03-06T18:10:09.849] [INFO] result - 		[90m[9m#  [29m[39mshould be atleast one review
[2018-03-06T18:10:09.849] [INFO] result - 		[90m[9m▻  [29m[39mshould have reviewer name as link to source
[2018-03-06T18:10:09.852] [INFO] result - 		[90m[9m#  [29m[39mshould have reviewer name as link to source
[2018-03-06T18:10:09.853] [INFO] result - 
[2018-03-06T18:10:09.854] [INFO] result - 	[36m[9m» [29m[39m[1mPopular series[22m
[2018-03-06T18:10:09.855] [INFO] result - 		[90m[9m▻  [29m[39mshouldnt have search bar
[2018-03-06T18:10:09.863] [INFO] result - 		[90m[9m#  [29m[39mshouldnt have search bar
[2018-03-06T18:10:09.863] [INFO] result - 		[90m[9m▻  [29m[39mshould have "First Air Date" instead "Release Date"
[2018-03-06T18:10:09.863] [INFO] result - 		[90m[9m#  [29m[39mshould have "First Air Date" instead "Release Date"
[2018-03-06T18:10:09.863] [INFO] result - 
[2018-03-06T18:10:09.878] [INFO] result - 
[2018-03-06T18:10:09.878] [INFO] result - **************************************************
[2018-03-06T18:10:09.879] [INFO] result - *                   [7m[1m Summary [22m[27m                    *
[2018-03-06T18:10:09.879] [INFO] result - **************************************************
[2018-03-06T18:10:09.879] [INFO] result - 
[2018-03-06T18:10:09.879] [INFO] result - [3m[90mExecuted [39m[9m1[29m[90m out of [39m[9m8[29m[90m specs [39m[90min [39m[90m[9m13 s[29m[39m[23m
[2018-03-06T18:10:09.880] [INFO] result - 
[2018-03-06T18:10:09.880] [INFO] result - 	[32mPASSED   0 ( 0% )[39m
[2018-03-06T18:10:09.880] [INFO] result - 	[31mFAILED   1 ( 12.5% )[39m
[2018-03-06T18:10:09.880] [INFO] result - 	[33mSKIPPED  7 ( 87.5% )[39m
[2018-03-06T18:10:09.881] [INFO] result - 
[2018-03-06T18:10:09.882] [INFO] result - 
[2018-03-06T18:10:09.883] [INFO] result - **************************************************
[2018-03-06T18:10:09.884] [INFO] result - *                   [7m[1m Failures [22m[27m                   *
[2018-03-06T18:10:09.884] [INFO] result - **************************************************
[2018-03-06T18:10:09.885] [INFO] result - 
[2018-03-06T18:10:09.885] [INFO] result - 1) [1mmovie-finders tests Movie details should have movie name as header[22m
[2018-03-06T18:10:09.886] [INFO] result - 	[31m- [39m[31mFailed: no such window: target window already closed
from unknown error: web view not found
  (Session info: chrome=64.0.3282.186)
  (Driver info: chromedriver=2.36.540470 (e522d04694c7ebea4ba8821272dbef4f9b818c91),platform=Windows NT 10.0.16299 x86_64)[39m
[2018-03-06T18:10:09.888] [INFO] result - 	[31mfrom unknown error: web view not found
  (Session info: chrome=64.0.3282.186)
  (Driver info: chromedriver=2.36.540470 (e522d04694c7ebea4ba8821272dbef4f9b818c91),platform=Windows NT 10.0.16299 x86_64)
    at Object.checkLegacyResponse (C:\Users\Alek\Documents\GitHub\5-startit-movie-finder-delfin123\node_modules\selenium-webdriver\lib\error.js:546:15)
    at parseHttpResponse (C:\Users\Alek\Documents\GitHub\5-startit-movie-finder-delfin123\node_modules\selenium-webdriver\lib\http.js:509:13)
    at doSend.then.response (C:\Users\Alek\Documents\GitHub\5-startit-movie-finder-delfin123\node_modules\selenium-webdriver\lib\http.js:441:30)
    at <anonymous>
    at process._tickCallback (internal/process/next_tick.js:160:7)Error
    at ElementArrayFinder.applyAction_ (C:\Users\Alek\Documents\GitHub\5-startit-movie-finder-delfin123\node_modules\protractor\built\element.js:459:27)
    at ElementArrayFinder.(anonymous function).args [as isDisplayed] (C:\Users\Alek\Documents\GitHub\5-startit-movie-finder-delfin123\node_modules\protractor\built\element.js:91:29)
    at ElementFinder.(anonymous function).args [as isDisplayed] (C:\Users\Alek\Documents\GitHub\5-startit-movie-finder-delfin123\node_modules\protractor\built\element.js:831:22)
    at and (C:\Users\Alek\Documents\GitHub\5-startit-movie-finder-delfin123\node_modules\protractor\built\expectedConditions.js:382:34)
    at C:\Users\Alek\Documents\GitHub\5-startit-movie-finder-delfin123\node_modules\protractor\built\expectedConditions.js:90:20
    at fn.then (C:\Users\Alek\Documents\GitHub\5-startit-movie-finder-delfin123\node_modules\protractor\built\expectedConditions.js:92:72)
    at <anonymous>
    at process._tickCallback (internal/process/next_tick.js:160:7)
From asynchronous test: 
Error
    at Suite.<anonymous> (C:\Users\Alek\Documents\GitHub\5-startit-movie-finder-delfin123\Hometask5\lesson5task.ts:27:17)
    at Generator.next (<anonymous>)
    at C:\Users\Alek\Documents\GitHub\5-startit-movie-finder-delfin123\Hometask5\lesson5task.ts:7:71
    at new Promise (<anonymous>)
    at __awaiter (C:\Users\Alek\Documents\GitHub\5-startit-movie-finder-delfin123\Hometask5\lesson5task.ts:3:12)
    at Suite.<anonymous> (C:\Users\Alek\Documents\GitHub\5-startit-movie-finder-delfin123\Hometask5\lesson5task.ts:26:20)[39m
[2018-03-06T18:10:09.890] [INFO] result - 	[31m- [39m[31mElement By(xpath, //*[@class='row is-flex']) was expected NOT to be shown in 20000 milliseconds but is visible[39m
[2018-03-06T18:10:09.891] [INFO] result - 	[31m    at UserContext.<anonymous> (C:\Users\Alek\Documents\GitHub\5-startit-movie-finder-delfin123\Hometask5\lesson5task.ts:33:85)
    at Generator.next (<anonymous>)
    at fulfilled (C:\Users\Alek\Documents\GitHub\5-startit-movie-finder-delfin123\Hometask5\lesson5task.ts:4:58)
    at <anonymous>
    at process._tickCallback (internal/process/next_tick.js:160:7)[39m
[2018-03-06T18:10:09.893] [INFO] result - 	[31m- [39m[31mElement By(css selector, .col-sm-3 movie-card img) was expected to be shown in 20000 milliseconds but is NOT visible[39m
[2018-03-06T18:10:09.894] [INFO] result - 	[31m    at UserContext.<anonymous> (C:\Users\Alek\Documents\GitHub\5-startit-movie-finder-delfin123\Hometask5\lesson5task.ts:32:75)
    at Generator.next (<anonymous>)
    at fulfilled (C:\Users\Alek\Documents\GitHub\5-startit-movie-finder-delfin123\Hometask5\lesson5task.ts:4:58)
    at <anonymous>
    at process._tickCallback (internal/process/next_tick.js:160:7)[39m
[2018-03-06T18:10:09.894] [INFO] result - 
[2018-03-06T18:10:10.161] [INFO] result - [[90m18:10:10[39m] I/launcher -
[2018-03-06T18:10:37.234] [INFO] default - On prepare started
[2018-03-06T18:10:38.616] [INFO] result - [7m[1m
 JASMINE STARTING: 
[22m[27m
[2018-03-06T18:10:38.616] [INFO] result - 
[2018-03-06T18:10:38.616] [INFO] result - [36m[9m» [29m[39m[1mmovie-finders tests[22m
[2018-03-06T18:10:38.616] [INFO] result - 
[2018-03-06T18:10:38.616] [INFO] result - 	[36m[9m» [29m[39m[1mMovie details[22m
[2018-03-06T18:10:38.616] [INFO] result - 		[90m[9m▻  [29m[39mshould have movie name as header
[2018-03-06T18:10:42.291] [INFO] default - Начало теста на проверку названия фильма
[2018-03-06T18:11:04.474] [INFO] default - Тест пройден,полученное название фильма The Maze Runner совпадает с ожидаемым названием The Maze Runner
[2018-03-06T18:11:04.480] [INFO] result - 		[31m[9m✗  [29m[39mshould have movie name as header[90m ([9m26 s[29m)[39m
[2018-03-06T18:11:04.480] [INFO] result - 			[31m- [39m[31mElement By(xpath, //*[@class='row is-flex']) was expected NOT to be shown in 20000 milliseconds but is visible[39m
[2018-03-06T18:11:04.481] [INFO] result - 		[90m[9m▻  [29m[39mshould have raiting
[2018-03-06T18:11:04.482] [INFO] result - 		[90m[9m#  [29m[39mshould have raiting
[2018-03-06T18:11:04.482] [INFO] result - 		[90m[9m▻  [29m[39mshould have simular movies block with atleast one movie
[2018-03-06T18:11:04.483] [INFO] result - 		[90m[9m#  [29m[39mshould have simular movies block with atleast one movie
[2018-03-06T18:11:04.485] [INFO] result - 
[2018-03-06T18:11:04.486] [INFO] result - 	[36m[9m» [29m[39m[1mcast block[22m
[2018-03-06T18:11:04.487] [INFO] result - 		[90m[9m▻  [29m[39mshould show atleast one actor
[2018-03-06T18:11:04.488] [INFO] result - 		[90m[9m#  [29m[39mshould show atleast one actor
[2018-03-06T18:11:04.488] [INFO] result - 
[2018-03-06T18:11:04.488] [INFO] result - 	[36m[9m» [29m[39m[1mreviews block[22m
[2018-03-06T18:11:04.489] [INFO] result - 		[90m[9m▻  [29m[39mshould be atleast one review
[2018-03-06T18:11:04.489] [INFO] result - 		[90m[9m#  [29m[39mshould be atleast one review
[2018-03-06T18:11:04.489] [INFO] result - 		[90m[9m▻  [29m[39mshould have reviewer name as link to source
[2018-03-06T18:11:04.490] [INFO] result - 		[90m[9m#  [29m[39mshould have reviewer name as link to source
[2018-03-06T18:11:04.490] [INFO] result - 
[2018-03-06T18:11:04.490] [INFO] result - 	[36m[9m» [29m[39m[1mPopular series[22m
[2018-03-06T18:11:04.491] [INFO] result - 		[90m[9m▻  [29m[39mshouldnt have search bar
[2018-03-06T18:11:04.493] [INFO] result - 		[90m[9m#  [29m[39mshouldnt have search bar
[2018-03-06T18:11:04.493] [INFO] result - 		[90m[9m▻  [29m[39mshould have "First Air Date" instead "Release Date"
[2018-03-06T18:11:04.494] [INFO] result - 		[90m[9m#  [29m[39mshould have "First Air Date" instead "Release Date"
[2018-03-06T18:11:04.494] [INFO] result - 
[2018-03-06T18:11:04.501] [INFO] result - 
[2018-03-06T18:11:04.503] [INFO] result - **************************************************
[2018-03-06T18:11:04.504] [INFO] result - *                   [7m[1m Summary [22m[27m                    *
[2018-03-06T18:11:04.504] [INFO] result - **************************************************
[2018-03-06T18:11:04.505] [INFO] result - 
[2018-03-06T18:11:04.505] [INFO] result - [3m[90mExecuted [39m[9m1[29m[90m out of [39m[9m8[29m[90m specs [39m[90min [39m[90m[9m26 s[29m[39m[23m
[2018-03-06T18:11:04.505] [INFO] result - 
[2018-03-06T18:11:04.505] [INFO] result - 	[32mPASSED   0 ( 0% )[39m
[2018-03-06T18:11:04.506] [INFO] result - 	[31mFAILED   1 ( 12.5% )[39m
[2018-03-06T18:11:04.506] [INFO] result - 	[33mSKIPPED  7 ( 87.5% )[39m
[2018-03-06T18:11:04.506] [INFO] result - 
[2018-03-06T18:11:04.507] [INFO] result - 
[2018-03-06T18:11:04.507] [INFO] result - **************************************************
[2018-03-06T18:11:04.507] [INFO] result - *                   [7m[1m Failures [22m[27m                   *
[2018-03-06T18:11:04.507] [INFO] result - **************************************************
[2018-03-06T18:11:04.508] [INFO] result - 
[2018-03-06T18:11:04.508] [INFO] result - 1) [1mmovie-finders tests Movie details should have movie name as header[22m
[2018-03-06T18:11:04.508] [INFO] result - 	[31m- [39m[31mElement By(xpath, //*[@class='row is-flex']) was expected NOT to be shown in 20000 milliseconds but is visible[39m
[2018-03-06T18:11:04.509] [INFO] result - 	[31m    at UserContext.<anonymous> (C:\Users\Alek\Documents\GitHub\5-startit-movie-finder-delfin123\Hometask5\lesson5task.ts:33:85)
    at Generator.next (<anonymous>)
    at fulfilled (C:\Users\Alek\Documents\GitHub\5-startit-movie-finder-delfin123\Hometask5\lesson5task.ts:4:58)
    at <anonymous>
    at process._tickCallback (internal/process/next_tick.js:160:7)[39m
[2018-03-06T18:11:04.509] [INFO] result - 
[2018-03-06T18:11:04.708] [INFO] result - [[90m18:11:04[39m] I/launcher -
[2018-03-06T18:13:45.417] [INFO] default - On prepare started
[2018-03-06T18:13:46.886] [INFO] result - [7m[1m
 JASMINE STARTING: 
[22m[27m
[2018-03-06T18:13:46.886] [INFO] result - 
[2018-03-06T18:13:46.886] [INFO] result - [36m[9m» [29m[39m[1mmovie-finders tests[22m
[2018-03-06T18:13:46.886] [INFO] result - 
[2018-03-06T18:13:46.886] [INFO] result - 	[36m[9m» [29m[39m[1mMovie details[22m
[2018-03-06T18:13:46.886] [INFO] result - 		[90m[9m▻  [29m[39mshould have movie name as header
[2018-03-06T18:13:52.259] [INFO] default - Начало теста на проверку названия фильма
[2018-03-06T18:14:14.471] [INFO] default - Тест пройден,полученное название фильма The Maze Runner совпадает с ожидаемым названием The Maze Runner
[2018-03-06T18:14:14.477] [INFO] result - 		[31m[9m✗  [29m[39mshould have movie name as header[90m ([9m28 s[29m)[39m
[2018-03-06T18:14:14.477] [INFO] result - 			[31m- [39m[31mElement By(xpath, //*[@class='row is-flex']) was expected NOT to be shown in 20000 milliseconds but is visible[39m
[2018-03-06T18:14:14.478] [INFO] result - 		[90m[9m▻  [29m[39mshould have raiting
[2018-03-06T18:14:14.479] [INFO] result - 		[90m[9m#  [29m[39mshould have raiting
[2018-03-06T18:14:14.479] [INFO] result - 		[90m[9m▻  [29m[39mshould have simular movies block with atleast one movie
[2018-03-06T18:14:14.480] [INFO] result - 		[90m[9m#  [29m[39mshould have simular movies block with atleast one movie
[2018-03-06T18:14:14.481] [INFO] result - 
[2018-03-06T18:14:14.482] [INFO] result - 	[36m[9m» [29m[39m[1mcast block[22m
[2018-03-06T18:14:14.482] [INFO] result - 		[90m[9m▻  [29m[39mshould show atleast one actor
[2018-03-06T18:14:14.483] [INFO] result - 		[90m[9m#  [29m[39mshould show atleast one actor
[2018-03-06T18:14:14.483] [INFO] result - 
[2018-03-06T18:14:14.484] [INFO] result - 	[36m[9m» [29m[39m[1mreviews block[22m
[2018-03-06T18:14:14.484] [INFO] result - 		[90m[9m▻  [29m[39mshould be atleast one review
[2018-03-06T18:14:14.485] [INFO] result - 		[90m[9m#  [29m[39mshould be atleast one review
[2018-03-06T18:14:14.485] [INFO] result - 		[90m[9m▻  [29m[39mshould have reviewer name as link to source
[2018-03-06T18:14:14.486] [INFO] result - 		[90m[9m#  [29m[39mshould have reviewer name as link to source
[2018-03-06T18:14:14.486] [INFO] result - 
[2018-03-06T18:14:14.486] [INFO] result - 	[36m[9m» [29m[39m[1mPopular series[22m
[2018-03-06T18:14:14.487] [INFO] result - 		[90m[9m▻  [29m[39mshouldnt have search bar
[2018-03-06T18:14:14.489] [INFO] result - 		[90m[9m#  [29m[39mshouldnt have search bar
[2018-03-06T18:14:14.489] [INFO] result - 		[90m[9m▻  [29m[39mshould have "First Air Date" instead "Release Date"
[2018-03-06T18:14:14.490] [INFO] result - 		[90m[9m#  [29m[39mshould have "First Air Date" instead "Release Date"
[2018-03-06T18:14:14.490] [INFO] result - 
[2018-03-06T18:14:14.494] [INFO] result - 
[2018-03-06T18:14:14.494] [INFO] result - **************************************************
[2018-03-06T18:14:14.495] [INFO] result - *                   [7m[1m Summary [22m[27m                    *
[2018-03-06T18:14:14.495] [INFO] result - **************************************************
[2018-03-06T18:14:14.495] [INFO] result - 
[2018-03-06T18:14:14.495] [INFO] result - [3m[90mExecuted [39m[9m1[29m[90m out of [39m[9m8[29m[90m specs [39m[90min [39m[90m[9m28 s[29m[39m[23m
[2018-03-06T18:14:14.496] [INFO] result - 
[2018-03-06T18:14:14.496] [INFO] result - 	[32mPASSED   0 ( 0% )[39m
[2018-03-06T18:14:14.496] [INFO] result - 	[31mFAILED   1 ( 12.5% )[39m
[2018-03-06T18:14:14.496] [INFO] result - 	[33mSKIPPED  7 ( 87.5% )[39m
[2018-03-06T18:14:14.496] [INFO] result - 
[2018-03-06T18:14:14.497] [INFO] result - 
[2018-03-06T18:14:14.497] [INFO] result - **************************************************
[2018-03-06T18:14:14.497] [INFO] result - *                   [7m[1m Failures [22m[27m                   *
[2018-03-06T18:14:14.497] [INFO] result - **************************************************
[2018-03-06T18:14:14.497] [INFO] result - 
[2018-03-06T18:14:14.498] [INFO] result - 1) [1mmovie-finders tests Movie details should have movie name as header[22m
[2018-03-06T18:14:14.498] [INFO] result - 	[31m- [39m[31mElement By(xpath, //*[@class='row is-flex']) was expected NOT to be shown in 20000 milliseconds but is visible[39m
[2018-03-06T18:14:14.498] [INFO] result - 	[31m    at UserContext.<anonymous> (C:\Users\Alek\Documents\GitHub\5-startit-movie-finder-delfin123\Hometask5\lesson5task.ts:36:85)
    at Generator.next (<anonymous>)
    at fulfilled (C:\Users\Alek\Documents\GitHub\5-startit-movie-finder-delfin123\Hometask5\lesson5task.ts:4:58)
    at <anonymous>
    at process._tickCallback (internal/process/next_tick.js:160:7)[39m
[2018-03-06T18:14:14.499] [INFO] result - 
[2018-03-06T18:14:14.648] [INFO] result - [[90m18:14:14[39m] I/launcher -
[2018-03-06T18:16:17.070] [INFO] default - On prepare started
[2018-03-06T18:16:18.479] [INFO] result - [7m[1m
 JASMINE STARTING: 
[22m[27m
[2018-03-06T18:16:18.479] [INFO] result - 
[2018-03-06T18:16:18.479] [INFO] result - [36m[9m» [29m[39m[1mmovie-finders tests[22m
[2018-03-06T18:16:18.479] [INFO] result - 
[2018-03-06T18:16:18.479] [INFO] result - 	[36m[9m» [29m[39m[1mMovie details[22m
[2018-03-06T18:16:18.479] [INFO] result - 		[90m[9m▻  [29m[39mshould have movie name as header
[2018-03-06T18:16:23.501] [INFO] default - Начало теста на проверку названия фильма
[2018-03-06T18:16:26.940] [INFO] default - Тест пройден,полученное название фильма The Maze Runner совпадает с ожидаемым названием The Maze Runner
[2018-03-06T18:16:26.946] [INFO] result - 		[32m[9m✓  [29m[39mshould have movie name as header[90m ([9m8 s[29m)[39m
[2018-03-06T18:16:26.947] [INFO] result - 		[90m[9m▻  [29m[39mshould have raiting
[2018-03-06T18:16:26.948] [INFO] result - 		[90m[9m#  [29m[39mshould have raiting
[2018-03-06T18:16:26.948] [INFO] result - 		[90m[9m▻  [29m[39mshould have simular movies block with atleast one movie
[2018-03-06T18:16:26.949] [INFO] result - 		[90m[9m#  [29m[39mshould have simular movies block with atleast one movie
[2018-03-06T18:16:26.950] [INFO] result - 
[2018-03-06T18:16:26.951] [INFO] result - 	[36m[9m» [29m[39m[1mcast block[22m
[2018-03-06T18:16:26.954] [INFO] result - 		[90m[9m▻  [29m[39mshould show atleast one actor
[2018-03-06T18:16:26.954] [INFO] result - 		[90m[9m#  [29m[39mshould show atleast one actor
[2018-03-06T18:16:26.955] [INFO] result - 
[2018-03-06T18:16:26.955] [INFO] result - 	[36m[9m» [29m[39m[1mreviews block[22m
[2018-03-06T18:16:26.955] [INFO] result - 		[90m[9m▻  [29m[39mshould be atleast one review
[2018-03-06T18:16:26.956] [INFO] result - 		[90m[9m#  [29m[39mshould be atleast one review
[2018-03-06T18:16:26.956] [INFO] result - 		[90m[9m▻  [29m[39mshould have reviewer name as link to source
[2018-03-06T18:16:26.957] [INFO] result - 		[90m[9m#  [29m[39mshould have reviewer name as link to source
[2018-03-06T18:16:26.957] [INFO] result - 
[2018-03-06T18:16:26.958] [INFO] result - 	[36m[9m» [29m[39m[1mPopular series[22m
[2018-03-06T18:16:26.958] [INFO] result - 		[90m[9m▻  [29m[39mshouldnt have search bar
[2018-03-06T18:16:26.961] [INFO] result - 		[90m[9m#  [29m[39mshouldnt have search bar
[2018-03-06T18:16:26.962] [INFO] result - 		[90m[9m▻  [29m[39mshould have "First Air Date" instead "Release Date"
[2018-03-06T18:16:26.962] [INFO] result - 		[90m[9m#  [29m[39mshould have "First Air Date" instead "Release Date"
[2018-03-06T18:16:26.963] [INFO] result - 
[2018-03-06T18:16:26.965] [INFO] result - 
[2018-03-06T18:16:26.966] [INFO] result - **************************************************
[2018-03-06T18:16:26.966] [INFO] result - *                   [7m[1m Summary [22m[27m                    *
[2018-03-06T18:16:26.966] [INFO] result - **************************************************
[2018-03-06T18:16:26.966] [INFO] result - 
[2018-03-06T18:16:26.967] [INFO] result - [3m[90mExecuted [39m[9m1[29m[90m out of [39m[9m8[29m[90m specs [39m[90min [39m[90m[9m8 s[29m[39m[23m
[2018-03-06T18:16:26.968] [INFO] result - 
[2018-03-06T18:16:26.968] [INFO] result - 	[32mPASSED   1 ( 12.5% )[39m
[2018-03-06T18:16:26.968] [INFO] result - 	[31mFAILED   0 ( 0% )[39m
[2018-03-06T18:16:26.969] [INFO] result - 	[33mSKIPPED  7 ( 87.5% )[39m
[2018-03-06T18:16:26.969] [INFO] result - 
[2018-03-06T18:16:27.258] [INFO] result - [[90m18:16:27[39m] I/launcher -
[2018-03-06T18:16:43.625] [INFO] default - On prepare started
[2018-03-06T18:16:44.846] [INFO] result - [7m[1m
 JASMINE STARTING: 
[22m[27m
[2018-03-06T18:16:44.848] [INFO] result - 
[2018-03-06T18:16:44.849] [INFO] result - [36m[9m» [29m[39m[1mmovie-finders tests[22m
[2018-03-06T18:16:44.849] [INFO] result - 
[2018-03-06T18:16:44.849] [INFO] result - 	[36m[9m» [29m[39m[1mMovie details[22m
[2018-03-06T18:16:44.849] [INFO] result - 		[90m[9m▻  [29m[39mshould have movie name as header
[2018-03-06T18:16:49.419] [INFO] default - Начало теста на проверку названия фильма
[2018-03-06T18:16:52.582] [INFO] default - Тест пройден,полученное название фильма The Maze Runner совпадает с ожидаемым названием The Maze Runner
[2018-03-06T18:16:52.588] [INFO] result - 		[32m[9m✓  [29m[39mshould have movie name as header[90m ([9m8 s[29m)[39m
[2018-03-06T18:16:52.589] [INFO] result - 		[90m[9m▻  [29m[39mshould have raiting
[2018-03-06T18:16:52.590] [INFO] result - 		[90m[9m#  [29m[39mshould have raiting
[2018-03-06T18:16:52.590] [INFO] result - 		[90m[9m▻  [29m[39mshould have simular movies block with atleast one movie
[2018-03-06T18:16:52.591] [INFO] result - 		[90m[9m#  [29m[39mshould have simular movies block with atleast one movie
[2018-03-06T18:16:52.593] [INFO] result - 
[2018-03-06T18:16:52.593] [INFO] result - 	[36m[9m» [29m[39m[1mcast block[22m
[2018-03-06T18:16:52.596] [INFO] result - 		[90m[9m▻  [29m[39mshould show atleast one actor
[2018-03-06T18:16:52.596] [INFO] result - 		[90m[9m#  [29m[39mshould show atleast one actor
[2018-03-06T18:16:52.597] [INFO] result - 
[2018-03-06T18:16:52.597] [INFO] result - 	[36m[9m» [29m[39m[1mreviews block[22m
[2018-03-06T18:16:52.598] [INFO] result - 		[90m[9m▻  [29m[39mshould be atleast one review
[2018-03-06T18:16:52.598] [INFO] result - 		[90m[9m#  [29m[39mshould be atleast one review
[2018-03-06T18:16:52.598] [INFO] result - 		[90m[9m▻  [29m[39mshould have reviewer name as link to source
[2018-03-06T18:16:52.599] [INFO] result - 		[90m[9m#  [29m[39mshould have reviewer name as link to source
[2018-03-06T18:16:52.599] [INFO] result - 
[2018-03-06T18:16:52.600] [INFO] result - 	[36m[9m» [29m[39m[1mPopular series[22m
[2018-03-06T18:16:52.600] [INFO] result - 		[90m[9m▻  [29m[39mshouldnt have search bar
[2018-03-06T18:16:52.602] [INFO] result - 		[90m[9m#  [29m[39mshouldnt have search bar
[2018-03-06T18:16:52.603] [INFO] result - 		[90m[9m▻  [29m[39mshould have "First Air Date" instead "Release Date"
[2018-03-06T18:16:52.603] [INFO] result - 		[90m[9m#  [29m[39mshould have "First Air Date" instead "Release Date"
[2018-03-06T18:16:52.604] [INFO] result - 
[2018-03-06T18:16:52.607] [INFO] result - 
[2018-03-06T18:16:52.607] [INFO] result - **************************************************
[2018-03-06T18:16:52.608] [INFO] result - *                   [7m[1m Summary [22m[27m                    *
[2018-03-06T18:16:52.608] [INFO] result - **************************************************
[2018-03-06T18:16:52.608] [INFO] result - 
[2018-03-06T18:16:52.608] [INFO] result - [3m[90mExecuted [39m[9m1[29m[90m out of [39m[9m8[29m[90m specs [39m[90min [39m[90m[9m8 s[29m[39m[23m
[2018-03-06T18:16:52.609] [INFO] result - 
[2018-03-06T18:16:52.609] [INFO] result - 	[32mPASSED   1 ( 12.5% )[39m
[2018-03-06T18:16:52.609] [INFO] result - 	[31mFAILED   0 ( 0% )[39m
[2018-03-06T18:16:52.610] [INFO] result - 	[33mSKIPPED  7 ( 87.5% )[39m
[2018-03-06T18:16:52.611] [INFO] result - 
[2018-03-06T18:16:52.781] [INFO] result - [[90m18:16:52[39m] I/launcher -
[2018-03-06T18:19:43.627] [INFO] default - On prepare started
[2018-03-06T18:19:45.049] [INFO] result - [7m[1m
 JASMINE STARTING: 
[22m[27m
[2018-03-06T18:19:45.049] [INFO] result - 
[2018-03-06T18:19:45.049] [INFO] result - [36m[9m» [29m[39m[1mmovie-finders tests[22m
[2018-03-06T18:19:45.049] [INFO] result - 
[2018-03-06T18:19:45.049] [INFO] result - 	[36m[9m» [29m[39m[1mMovie details[22m
[2018-03-06T18:19:45.049] [INFO] result - 		[90m[9m▻  [29m[39mshould have movie name as header
[2018-03-06T18:19:49.706] [INFO] default - Начало теста на проверку названия фильма
[2018-03-06T18:19:52.234] [INFO] default - Тест пройден,полученное название фильма The Maze Runner совпадает с ожидаемым названием The Maze Runner
[2018-03-06T18:19:52.244] [INFO] result - 		[32m[9m✓  [29m[39mshould have movie name as header[90m ([9m7 s[29m)[39m
[2018-03-06T18:19:52.245] [INFO] result - 		[90m[9m▻  [29m[39mshould have raiting
[2018-03-06T18:19:52.247] [INFO] result - 		[90m[9m#  [29m[39mshould have raiting
[2018-03-06T18:19:52.248] [INFO] result - 		[90m[9m▻  [29m[39mshould have simular movies block with atleast one movie
[2018-03-06T18:19:52.249] [INFO] result - 		[90m[9m#  [29m[39mshould have simular movies block with atleast one movie
[2018-03-06T18:19:52.251] [INFO] result - 
[2018-03-06T18:19:52.251] [INFO] result - 	[36m[9m» [29m[39m[1mcast block[22m
[2018-03-06T18:19:52.252] [INFO] result - 		[90m[9m▻  [29m[39mshould show atleast one actor
[2018-03-06T18:19:52.254] [INFO] result - 		[90m[9m#  [29m[39mshould show atleast one actor
[2018-03-06T18:19:52.255] [INFO] result - 
[2018-03-06T18:19:52.258] [INFO] result - 	[36m[9m» [29m[39m[1mreviews block[22m
[2018-03-06T18:19:52.259] [INFO] result - 		[90m[9m▻  [29m[39mshould be atleast one review
[2018-03-06T18:19:52.262] [INFO] result - 		[90m[9m#  [29m[39mshould be atleast one review
[2018-03-06T18:19:52.262] [INFO] result - 		[90m[9m▻  [29m[39mshould have reviewer name as link to source
[2018-03-06T18:19:52.262] [INFO] result - 		[90m[9m#  [29m[39mshould have reviewer name as link to source
[2018-03-06T18:19:52.263] [INFO] result - 
[2018-03-06T18:19:52.263] [INFO] result - 	[36m[9m» [29m[39m[1mPopular series[22m
[2018-03-06T18:19:52.264] [INFO] result - 		[90m[9m▻  [29m[39mshouldnt have search bar
[2018-03-06T18:19:52.266] [INFO] result - 		[90m[9m#  [29m[39mshouldnt have search bar
[2018-03-06T18:19:52.267] [INFO] result - 		[90m[9m▻  [29m[39mshould have "First Air Date" instead "Release Date"
[2018-03-06T18:19:52.267] [INFO] result - 		[90m[9m#  [29m[39mshould have "First Air Date" instead "Release Date"
[2018-03-06T18:19:52.268] [INFO] result - 
[2018-03-06T18:19:52.275] [INFO] result - 
[2018-03-06T18:19:52.276] [INFO] result - **************************************************
[2018-03-06T18:19:52.276] [INFO] result - *                   [7m[1m Summary [22m[27m                    *
[2018-03-06T18:19:52.276] [INFO] result - **************************************************
[2018-03-06T18:19:52.276] [INFO] result - 
[2018-03-06T18:19:52.282] [INFO] result - [3m[90mExecuted [39m[9m1[29m[90m out of [39m[9m8[29m[90m specs [39m[90min [39m[90m[9m7 s[29m[39m[23m
[2018-03-06T18:19:52.283] [INFO] result - 
[2018-03-06T18:19:52.283] [INFO] result - 	[32mPASSED   1 ( 12.5% )[39m
[2018-03-06T18:19:52.289] [INFO] result - 	[31mFAILED   0 ( 0% )[39m
[2018-03-06T18:19:52.291] [INFO] result - 	[33mSKIPPED  7 ( 87.5% )[39m
[2018-03-06T18:19:52.292] [INFO] result - 
[2018-03-06T18:19:52.494] [INFO] result - [[90m18:19:52[39m] I/launcher -
[2018-03-06T18:20:24.581] [INFO] default - On prepare started
[2018-03-06T18:20:25.983] [INFO] result - [7m[1m
 JASMINE STARTING: 
[22m[27m
[2018-03-06T18:20:25.983] [INFO] result - 
[2018-03-06T18:20:25.999] [INFO] result - [36m[9m» [29m[39m[1mmovie-finders tests[22m
[2018-03-06T18:20:26.000] [INFO] result - 
[2018-03-06T18:20:26.003] [INFO] result - 	[36m[9m» [29m[39m[1mMovie details[22m
[2018-03-06T18:20:26.004] [INFO] result - 		[90m[9m▻  [29m[39mshould have movie name as header
[2018-03-06T18:20:32.760] [INFO] default - Начало теста на проверку названия фильма
[2018-03-06T18:20:39.452] [INFO] default - Тест пройден,полученное название фильма The Maze Runner совпадает с ожидаемым названием The Maze Runner
[2018-03-06T18:20:39.457] [INFO] result - 		[31m[9m✗  [29m[39mshould have movie name as header[90m ([9m13 s[29m)[39m
[2018-03-06T18:20:39.458] [INFO] result - 			[31m- [39m[31mElement By(css selector, img[src*='https://image.tmdb.org/t/p/w500//coss7RgL0NH6g4fC2s5atvf3dFO.jpg']) was expected NOT to have class "thumbnail" in 3000 milliseconds, but it does[39m
[2018-03-06T18:20:39.458] [INFO] result - 		[90m[9m▻  [29m[39mshould have raiting
[2018-03-06T18:20:39.459] [INFO] result - 		[90m[9m#  [29m[39mshould have raiting
[2018-03-06T18:20:39.460] [INFO] result - 		[90m[9m▻  [29m[39mshould have simular movies block with atleast one movie
[2018-03-06T18:20:39.460] [INFO] result - 		[90m[9m#  [29m[39mshould have simular movies block with atleast one movie
[2018-03-06T18:20:39.461] [INFO] result - 
[2018-03-06T18:20:39.461] [INFO] result - 	[36m[9m» [29m[39m[1mcast block[22m
[2018-03-06T18:20:39.462] [INFO] result - 		[90m[9m▻  [29m[39mshould show atleast one actor
[2018-03-06T18:20:39.462] [INFO] result - 		[90m[9m#  [29m[39mshould show atleast one actor
[2018-03-06T18:20:39.463] [INFO] result - 
[2018-03-06T18:20:39.463] [INFO] result - 	[36m[9m» [29m[39m[1mreviews block[22m
[2018-03-06T18:20:39.463] [INFO] result - 		[90m[9m▻  [29m[39mshould be atleast one review
[2018-03-06T18:20:39.464] [INFO] result - 		[90m[9m#  [29m[39mshould be atleast one review
[2018-03-06T18:20:39.464] [INFO] result - 		[90m[9m▻  [29m[39mshould have reviewer name as link to source
[2018-03-06T18:20:39.465] [INFO] result - 		[90m[9m#  [29m[39mshould have reviewer name as link to source
[2018-03-06T18:20:39.465] [INFO] result - 
[2018-03-06T18:20:39.465] [INFO] result - 	[36m[9m» [29m[39m[1mPopular series[22m
[2018-03-06T18:20:39.465] [INFO] result - 		[90m[9m▻  [29m[39mshouldnt have search bar
[2018-03-06T18:20:39.468] [INFO] result - 		[90m[9m#  [29m[39mshouldnt have search bar
[2018-03-06T18:20:39.468] [INFO] result - 		[90m[9m▻  [29m[39mshould have "First Air Date" instead "Release Date"
[2018-03-06T18:20:39.468] [INFO] result - 		[90m[9m#  [29m[39mshould have "First Air Date" instead "Release Date"
[2018-03-06T18:20:39.468] [INFO] result - 
[2018-03-06T18:20:39.473] [INFO] result - 
[2018-03-06T18:20:39.473] [INFO] result - **************************************************
[2018-03-06T18:20:39.474] [INFO] result - *                   [7m[1m Summary [22m[27m                    *
[2018-03-06T18:20:39.474] [INFO] result - **************************************************
[2018-03-06T18:20:39.474] [INFO] result - 
[2018-03-06T18:20:39.474] [INFO] result - [3m[90mExecuted [39m[9m1[29m[90m out of [39m[9m8[29m[90m specs [39m[90min [39m[90m[9m13 s[29m[39m[23m
[2018-03-06T18:20:39.475] [INFO] result - 
[2018-03-06T18:20:39.475] [INFO] result - 	[32mPASSED   0 ( 0% )[39m
[2018-03-06T18:20:39.475] [INFO] result - 	[31mFAILED   1 ( 12.5% )[39m
[2018-03-06T18:20:39.475] [INFO] result - 	[33mSKIPPED  7 ( 87.5% )[39m
[2018-03-06T18:20:39.475] [INFO] result - 
[2018-03-06T18:20:39.476] [INFO] result - 
[2018-03-06T18:20:39.476] [INFO] result - **************************************************
[2018-03-06T18:20:39.476] [INFO] result - *                   [7m[1m Failures [22m[27m                   *
[2018-03-06T18:20:39.476] [INFO] result - **************************************************
[2018-03-06T18:20:39.477] [INFO] result - 
[2018-03-06T18:20:39.477] [INFO] result - 1) [1mmovie-finders tests Movie details should have movie name as header[22m
[2018-03-06T18:20:39.477] [INFO] result - 	[31m- [39m[31mElement By(css selector, img[src*='https://image.tmdb.org/t/p/w500//coss7RgL0NH6g4fC2s5atvf3dFO.jpg']) was expected NOT to have class "thumbnail" in 3000 milliseconds, but it does[39m
[2018-03-06T18:20:39.478] [INFO] result - 	[31m    at UserContext.<anonymous> (C:\Users\Alek\Documents\GitHub\5-startit-movie-finder-delfin123\Hometask5\lesson5task.ts:36:138)
    at Generator.next (<anonymous>)
    at fulfilled (C:\Users\Alek\Documents\GitHub\5-startit-movie-finder-delfin123\Hometask5\lesson5task.ts:4:58)
    at <anonymous>
    at process._tickCallback (internal/process/next_tick.js:160:7)[39m
[2018-03-06T18:20:39.478] [INFO] result - 
[2018-03-06T18:20:39.683] [INFO] result - [[90m18:20:39[39m] I/launcher -
[2018-03-06T18:21:01.297] [INFO] default - On prepare started
[2018-03-06T18:21:02.702] [INFO] result - [7m[1m
 JASMINE STARTING: 
[22m[27m
[2018-03-06T18:21:02.702] [INFO] result - 
[2018-03-06T18:21:02.702] [INFO] result - [36m[9m» [29m[39m[1mmovie-finders tests[22m
[2018-03-06T18:21:02.702] [INFO] result - 
[2018-03-06T18:21:02.702] [INFO] result - 	[36m[9m» [29m[39m[1mMovie details[22m
[2018-03-06T18:21:02.702] [INFO] result - 		[90m[9m▻  [29m[39mshould have movie name as header
[2018-03-06T18:21:07.272] [INFO] default - Начало теста на проверку названия фильма
[2018-03-06T18:21:09.428] [INFO] default - Тест пройден,полученное название фильма The Maze Runner совпадает с ожидаемым названием The Maze Runner
[2018-03-06T18:21:09.436] [INFO] result - 		[32m[9m✓  [29m[39mshould have movie name as header[90m ([9m7 s[29m)[39m
[2018-03-06T18:21:09.436] [INFO] result - 		[90m[9m▻  [29m[39mshould have raiting
[2018-03-06T18:21:09.437] [INFO] result - 		[90m[9m#  [29m[39mshould have raiting
[2018-03-06T18:21:09.438] [INFO] result - 		[90m[9m▻  [29m[39mshould have simular movies block with atleast one movie
[2018-03-06T18:21:09.439] [INFO] result - 		[90m[9m#  [29m[39mshould have simular movies block with atleast one movie
[2018-03-06T18:21:09.440] [INFO] result - 
[2018-03-06T18:21:09.440] [INFO] result - 	[36m[9m» [29m[39m[1mcast block[22m
[2018-03-06T18:21:09.441] [INFO] result - 		[90m[9m▻  [29m[39mshould show atleast one actor
[2018-03-06T18:21:09.442] [INFO] result - 		[90m[9m#  [29m[39mshould show atleast one actor
[2018-03-06T18:21:09.442] [INFO] result - 
[2018-03-06T18:21:09.443] [INFO] result - 	[36m[9m» [29m[39m[1mreviews block[22m
[2018-03-06T18:21:09.443] [INFO] result - 		[90m[9m▻  [29m[39mshould be atleast one review
[2018-03-06T18:21:09.444] [INFO] result - 		[90m[9m#  [29m[39mshould be atleast one review
[2018-03-06T18:21:09.444] [INFO] result - 		[90m[9m▻  [29m[39mshould have reviewer name as link to source
[2018-03-06T18:21:09.445] [INFO] result - 		[90m[9m#  [29m[39mshould have reviewer name as link to source
[2018-03-06T18:21:09.445] [INFO] result - 
[2018-03-06T18:21:09.446] [INFO] result - 	[36m[9m» [29m[39m[1mPopular series[22m
[2018-03-06T18:21:09.446] [INFO] result - 		[90m[9m▻  [29m[39mshouldnt have search bar
[2018-03-06T18:21:09.449] [INFO] result - 		[90m[9m#  [29m[39mshouldnt have search bar
[2018-03-06T18:21:09.449] [INFO] result - 		[90m[9m▻  [29m[39mshould have "First Air Date" instead "Release Date"
[2018-03-06T18:21:09.450] [INFO] result - 		[90m[9m#  [29m[39mshould have "First Air Date" instead "Release Date"
[2018-03-06T18:21:09.450] [INFO] result - 
[2018-03-06T18:21:09.453] [INFO] result - 
[2018-03-06T18:21:09.453] [INFO] result - **************************************************
[2018-03-06T18:21:09.455] [INFO] result - *                   [7m[1m Summary [22m[27m                    *
[2018-03-06T18:21:09.456] [INFO] result - **************************************************
[2018-03-06T18:21:09.456] [INFO] result - 
[2018-03-06T18:21:09.457] [INFO] result - [3m[90mExecuted [39m[9m1[29m[90m out of [39m[9m8[29m[90m specs [39m[90min [39m[90m[9m7 s[29m[39m[23m
[2018-03-06T18:21:09.457] [INFO] result - 
[2018-03-06T18:21:09.457] [INFO] result - 	[32mPASSED   1 ( 12.5% )[39m
[2018-03-06T18:21:09.458] [INFO] result - 	[31mFAILED   0 ( 0% )[39m
[2018-03-06T18:21:09.458] [INFO] result - 	[33mSKIPPED  7 ( 87.5% )[39m
[2018-03-06T18:21:09.458] [INFO] result - 
[2018-03-06T18:21:09.618] [INFO] result - [[90m18:21:09[39m] I/launcher -
[2018-03-06T21:09:45.774] [INFO] default - On prepare started
[2018-03-06T21:09:47.366] [INFO] result - [7m[1m
 JASMINE STARTING: 
[22m[27m
[2018-03-06T21:09:47.369] [INFO] result - 
[2018-03-06T21:09:47.370] [INFO] result - [36m[9m» [29m[39m[1mmovie-finders tests[22m
[2018-03-06T21:09:47.403] [INFO] result - 
[2018-03-06T21:09:47.403] [INFO] result - 	[36m[9m» [29m[39m[1mMovie details[22m
[2018-03-06T21:09:47.404] [INFO] result - 		[90m[9m▻  [29m[39mshould have movie name as header
[2018-03-06T21:10:17.413] [INFO] default - Начало теста на проверку названия фильма
[2018-03-06T21:10:24.807] [INFO] default - Тест пройден,полученное название фильма The Maze Runner совпадает с ожидаемым названием The Maze Runner
[2018-03-06T21:10:24.815] [INFO] result - 		[31m[9m✗  [29m[39mshould have movie name as header[90m ([9m37 s[29m)[39m
[2018-03-06T21:10:24.817] [INFO] result - 			[31m- [39m[31mError: Timeout - Async callback was not invoked within timeout specified by jasmine.DEFAULT_TIMEOUT_INTERVAL.[39m
[2018-03-06T21:10:24.817] [INFO] result - 		[90m[9m▻  [29m[39mshould have raiting
[2018-03-06T21:10:24.818] [INFO] result - 		[90m[9m#  [29m[39mshould have raiting
[2018-03-06T21:10:24.819] [INFO] result - 		[90m[9m▻  [29m[39mshould have simular movies block with atleast one movie
[2018-03-06T21:10:24.820] [INFO] result - 		[90m[9m#  [29m[39mshould have simular movies block with atleast one movie
[2018-03-06T21:10:24.820] [INFO] result - 
[2018-03-06T21:10:24.821] [INFO] result - 	[36m[9m» [29m[39m[1mcast block[22m
[2018-03-06T21:10:24.821] [INFO] result - 		[90m[9m▻  [29m[39mshould show atleast one actor
[2018-03-06T21:10:24.822] [INFO] result - 		[90m[9m#  [29m[39mshould show atleast one actor
[2018-03-06T21:10:24.822] [INFO] result - 
[2018-03-06T21:10:24.822] [INFO] result - 	[36m[9m» [29m[39m[1mreviews block[22m
[2018-03-06T21:10:24.823] [INFO] result - 		[90m[9m▻  [29m[39mshould be atleast one review
[2018-03-06T21:10:24.824] [INFO] result - 		[90m[9m#  [29m[39mshould be atleast one review
[2018-03-06T21:10:24.824] [INFO] result - 		[90m[9m▻  [29m[39mshould have reviewer name as link to source
[2018-03-06T21:10:24.824] [INFO] result - 		[90m[9m#  [29m[39mshould have reviewer name as link to source
[2018-03-06T21:10:24.825] [INFO] result - 
[2018-03-06T21:10:24.825] [INFO] result - 	[36m[9m» [29m[39m[1mPopular series[22m
[2018-03-06T21:10:24.826] [INFO] result - 		[90m[9m▻  [29m[39mshouldnt have search bar
[2018-03-06T21:10:24.830] [INFO] result - 		[90m[9m#  [29m[39mshouldnt have search bar
[2018-03-06T21:10:24.831] [INFO] result - 		[90m[9m▻  [29m[39mshould have "First Air Date" instead "Release Date"
[2018-03-06T21:10:24.831] [INFO] result - 		[90m[9m#  [29m[39mshould have "First Air Date" instead "Release Date"
[2018-03-06T21:10:24.832] [INFO] result - 
[2018-03-06T21:10:24.840] [INFO] result - 
[2018-03-06T21:10:24.841] [INFO] result - **************************************************
[2018-03-06T21:10:24.841] [INFO] result - *                   [7m[1m Summary [22m[27m                    *
[2018-03-06T21:10:24.843] [INFO] result - **************************************************
[2018-03-06T21:10:24.844] [INFO] result - 
[2018-03-06T21:10:24.844] [INFO] result - [3m[90mExecuted [39m[9m1[29m[90m out of [39m[9m8[29m[90m specs [39m[90min [39m[90m[9m37 s[29m[39m[23m
[2018-03-06T21:10:24.844] [INFO] result - 
[2018-03-06T21:10:24.845] [INFO] result - 	[32mPASSED   0 ( 0% )[39m
[2018-03-06T21:10:24.845] [INFO] result - 	[31mFAILED   1 ( 12.5% )[39m
[2018-03-06T21:10:24.846] [INFO] result - 	[33mSKIPPED  7 ( 87.5% )[39m
[2018-03-06T21:10:24.846] [INFO] result - 
[2018-03-06T21:10:24.846] [INFO] result - 
[2018-03-06T21:10:24.847] [INFO] result - **************************************************
[2018-03-06T21:10:24.847] [INFO] result - *                   [7m[1m Failures [22m[27m                   *
[2018-03-06T21:10:24.847] [INFO] result - **************************************************
[2018-03-06T21:10:24.848] [INFO] result - 
[2018-03-06T21:10:24.848] [INFO] result - 1) [1mmovie-finders tests Movie details should have movie name as header[22m
[2018-03-06T21:10:24.848] [INFO] result - 	[31m- [39m[31mError: Timeout - Async callback was not invoked within timeout specified by jasmine.DEFAULT_TIMEOUT_INTERVAL.[39m
[2018-03-06T21:10:24.849] [INFO] result - 	[31m    at ontimeout (timers.js:458:11)
    at tryOnTimeout (timers.js:296:5)[39m
[2018-03-06T21:10:24.849] [INFO] result - 
[2018-03-06T21:10:25.084] [INFO] result - [[90m21:10:25[39m] I/launcher -
[2018-03-06T21:10:40.449] [INFO] default - On prepare started
[2018-03-06T21:10:41.696] [INFO] result - [7m[1m
 JASMINE STARTING: 
[22m[27m
[2018-03-06T21:10:41.698] [INFO] result - 
[2018-03-06T21:10:41.699] [INFO] result - [36m[9m» [29m[39m[1mmovie-finders tests[22m
[2018-03-06T21:10:41.700] [INFO] result - 
[2018-03-06T21:10:41.700] [INFO] result - 	[36m[9m» [29m[39m[1mMovie details[22m
[2018-03-06T21:10:41.701] [INFO] result - 		[90m[9m▻  [29m[39mshould have movie name as header
[2018-03-06T21:11:11.707] [INFO] default - Начало теста на проверку названия фильма
[2018-03-06T21:11:26.984] [INFO] default - Тест пройден,полученное название фильма The Maze Runner совпадает с ожидаемым названием The Maze Runner
[2018-03-06T21:11:26.990] [INFO] result - 		[31m[9m✗  [29m[39mshould have movie name as header[90m ([9m45 s[29m)[39m
[2018-03-06T21:11:26.992] [INFO] result - 			[31m- [39m[31mError: Timeout - Async callback was not invoked within timeout specified by jasmine.DEFAULT_TIMEOUT_INTERVAL.[39m
[2018-03-06T21:11:26.992] [INFO] result - 		[90m[9m▻  [29m[39mshould have raiting
[2018-03-06T21:11:26.994] [INFO] result - 		[90m[9m#  [29m[39mshould have raiting
[2018-03-06T21:11:26.994] [INFO] result - 		[90m[9m▻  [29m[39mshould have simular movies block with atleast one movie
[2018-03-06T21:11:26.994] [INFO] result - 		[90m[9m#  [29m[39mshould have simular movies block with atleast one movie
[2018-03-06T21:11:26.997] [INFO] result - 
[2018-03-06T21:11:26.998] [INFO] result - 	[36m[9m» [29m[39m[1mcast block[22m
[2018-03-06T21:11:26.998] [INFO] result - 		[90m[9m▻  [29m[39mshould show atleast one actor
[2018-03-06T21:11:26.999] [INFO] result - 		[90m[9m#  [29m[39mshould show atleast one actor
[2018-03-06T21:11:26.999] [INFO] result - 
[2018-03-06T21:11:27.000] [INFO] result - 	[36m[9m» [29m[39m[1mreviews block[22m
[2018-03-06T21:11:27.000] [INFO] result - 		[90m[9m▻  [29m[39mshould be atleast one review
[2018-03-06T21:11:27.001] [INFO] result - 		[90m[9m#  [29m[39mshould be atleast one review
[2018-03-06T21:11:27.002] [INFO] result - 		[90m[9m▻  [29m[39mshould have reviewer name as link to source
[2018-03-06T21:11:27.002] [INFO] result - 		[90m[9m#  [29m[39mshould have reviewer name as link to source
[2018-03-06T21:11:27.002] [INFO] result - 
[2018-03-06T21:11:27.003] [INFO] result - 	[36m[9m» [29m[39m[1mPopular series[22m
[2018-03-06T21:11:27.004] [INFO] result - 		[90m[9m▻  [29m[39mshouldnt have search bar
[2018-03-06T21:11:27.004] [INFO] result - 		[90m[9m#  [29m[39mshouldnt have search bar
[2018-03-06T21:11:27.005] [INFO] result - 		[90m[9m▻  [29m[39mshould have "First Air Date" instead "Release Date"
[2018-03-06T21:11:27.005] [INFO] result - 		[90m[9m#  [29m[39mshould have "First Air Date" instead "Release Date"
[2018-03-06T21:11:27.006] [INFO] result - 
[2018-03-06T21:11:27.019] [INFO] result - 
[2018-03-06T21:11:27.019] [INFO] result - **************************************************
[2018-03-06T21:11:27.020] [INFO] result - *                   [7m[1m Summary [22m[27m                    *
[2018-03-06T21:11:27.020] [INFO] result - **************************************************
[2018-03-06T21:11:27.021] [INFO] result - 
[2018-03-06T21:11:27.021] [INFO] result - [3m[90mExecuted [39m[9m1[29m[90m out of [39m[9m8[29m[90m specs [39m[90min [39m[90m[9m45 s[29m[39m[23m
[2018-03-06T21:11:27.022] [INFO] result - 
[2018-03-06T21:11:27.023] [INFO] result - 	[32mPASSED   0 ( 0% )[39m
[2018-03-06T21:11:27.023] [INFO] result - 	[31mFAILED   1 ( 12.5% )[39m
[2018-03-06T21:11:27.023] [INFO] result - 	[33mSKIPPED  7 ( 87.5% )[39m
[2018-03-06T21:11:27.024] [INFO] result - 
[2018-03-06T21:11:27.024] [INFO] result - 
[2018-03-06T21:11:27.024] [INFO] result - **************************************************
[2018-03-06T21:11:27.024] [INFO] result - *                   [7m[1m Failures [22m[27m                   *
[2018-03-06T21:11:27.026] [INFO] result - **************************************************
[2018-03-06T21:11:27.026] [INFO] result - 
[2018-03-06T21:11:27.026] [INFO] result - 1) [1mmovie-finders tests Movie details should have movie name as header[22m
[2018-03-06T21:11:27.027] [INFO] result - 	[31m- [39m[31mError: Timeout - Async callback was not invoked within timeout specified by jasmine.DEFAULT_TIMEOUT_INTERVAL.[39m
[2018-03-06T21:11:27.027] [INFO] result - 	[31m    at ontimeout (timers.js:458:11)
    at tryOnTimeout (timers.js:296:5)[39m
[2018-03-06T21:11:27.028] [INFO] result - 
[2018-03-06T21:11:29.091] [INFO] result - [[90m21:11:29[39m] I/launcher -
[2018-03-06T21:11:48.342] [INFO] default - On prepare started
[2018-03-06T21:11:49.571] [INFO] result - [7m[1m
 JASMINE STARTING: 
[22m[27m
[2018-03-06T21:11:49.574] [INFO] result - 
[2018-03-06T21:11:49.575] [INFO] result - [36m[9m» [29m[39m[1mmovie-finders tests[22m
[2018-03-06T21:11:49.575] [INFO] result - 
[2018-03-06T21:11:49.576] [INFO] result - 	[36m[9m» [29m[39m[1mMovie details[22m
[2018-03-06T21:11:49.577] [INFO] result - 		[90m[9m▻  [29m[39mshould have movie name as header
[2018-03-06T21:12:19.584] [INFO] default - Начало теста на проверку названия фильма
[2018-03-06T21:12:27.743] [INFO] default - Тест пройден,полученное название фильма The Maze Runner совпадает с ожидаемым названием The Maze Runner
[2018-03-06T21:12:27.752] [INFO] result - 		[31m[9m✗  [29m[39mshould have movie name as header[90m ([9m38 s[29m)[39m
[2018-03-06T21:12:27.756] [INFO] result - 			[31m- [39m[31mError: Timeout - Async callback was not invoked within timeout specified by jasmine.DEFAULT_TIMEOUT_INTERVAL.[39m
[2018-03-06T21:12:27.757] [INFO] result - 		[90m[9m▻  [29m[39mshould have raiting
[2018-03-06T21:12:27.759] [INFO] result - 		[90m[9m#  [29m[39mshould have raiting
[2018-03-06T21:12:27.760] [INFO] result - 		[90m[9m▻  [29m[39mshould have simular movies block with atleast one movie
[2018-03-06T21:12:27.761] [INFO] result - 		[90m[9m#  [29m[39mshould have simular movies block with atleast one movie
[2018-03-06T21:12:27.763] [INFO] result - 
[2018-03-06T21:12:27.764] [INFO] result - 	[36m[9m» [29m[39m[1mcast block[22m
[2018-03-06T21:12:27.765] [INFO] result - 		[90m[9m▻  [29m[39mshould show atleast one actor
[2018-03-06T21:12:27.765] [INFO] result - 		[90m[9m#  [29m[39mshould show atleast one actor
[2018-03-06T21:12:27.766] [INFO] result - 
[2018-03-06T21:12:27.767] [INFO] result - 	[36m[9m» [29m[39m[1mreviews block[22m
[2018-03-06T21:12:27.769] [INFO] result - 		[90m[9m▻  [29m[39mshould be atleast one review
[2018-03-06T21:12:27.770] [INFO] result - 		[90m[9m#  [29m[39mshould be atleast one review
[2018-03-06T21:12:27.771] [INFO] result - 		[90m[9m▻  [29m[39mshould have reviewer name as link to source
[2018-03-06T21:12:27.771] [INFO] result - 		[90m[9m#  [29m[39mshould have reviewer name as link to source
[2018-03-06T21:12:27.772] [INFO] result - 
[2018-03-06T21:12:27.773] [INFO] result - 	[36m[9m» [29m[39m[1mPopular series[22m
[2018-03-06T21:12:27.774] [INFO] result - 		[90m[9m▻  [29m[39mshouldnt have search bar
[2018-03-06T21:12:27.776] [INFO] result - 		[90m[9m#  [29m[39mshouldnt have search bar
[2018-03-06T21:12:27.777] [INFO] result - 		[90m[9m▻  [29m[39mshould have "First Air Date" instead "Release Date"
[2018-03-06T21:12:27.777] [INFO] result - 		[90m[9m#  [29m[39mshould have "First Air Date" instead "Release Date"
[2018-03-06T21:12:27.779] [INFO] result - 
[2018-03-06T21:12:27.794] [INFO] result - 
[2018-03-06T21:12:27.795] [INFO] result - **************************************************
[2018-03-06T21:12:27.795] [INFO] result - *                   [7m[1m Summary [22m[27m                    *
[2018-03-06T21:12:27.796] [INFO] result - **************************************************
[2018-03-06T21:12:27.796] [INFO] result - 
[2018-03-06T21:12:27.797] [INFO] result - [3m[90mExecuted [39m[9m1[29m[90m out of [39m[9m8[29m[90m specs [39m[90min [39m[90m[9m38 s[29m[39m[23m
[2018-03-06T21:12:27.798] [INFO] result - 
[2018-03-06T21:12:27.798] [INFO] result - 	[32mPASSED   0 ( 0% )[39m
[2018-03-06T21:12:27.799] [INFO] result - 	[31mFAILED   1 ( 12.5% )[39m
[2018-03-06T21:12:27.800] [INFO] result - 	[33mSKIPPED  7 ( 87.5% )[39m
[2018-03-06T21:12:27.800] [INFO] result - 
[2018-03-06T21:12:27.801] [INFO] result - 
[2018-03-06T21:12:27.802] [INFO] result - **************************************************
[2018-03-06T21:12:27.802] [INFO] result - *                   [7m[1m Failures [22m[27m                   *
[2018-03-06T21:12:27.805] [INFO] result - **************************************************
[2018-03-06T21:12:27.806] [INFO] result - 
[2018-03-06T21:12:27.806] [INFO] result - 1) [1mmovie-finders tests Movie details should have movie name as header[22m
[2018-03-06T21:12:27.807] [INFO] result - 	[31m- [39m[31mError: Timeout - Async callback was not invoked within timeout specified by jasmine.DEFAULT_TIMEOUT_INTERVAL.[39m
[2018-03-06T21:12:27.807] [INFO] result - 	[31m    at ontimeout (timers.js:458:11)
    at tryOnTimeout (timers.js:296:5)[39m
[2018-03-06T21:12:27.809] [INFO] result - 
[2018-03-06T21:12:28.160] [INFO] result - [[90m21:12:28[39m] I/launcher -
[2018-03-06T21:12:42.235] [INFO] default - On prepare started
[2018-03-06T21:12:43.470] [INFO] result - [7m[1m
 JASMINE STARTING: 
[22m[27m
[2018-03-06T21:12:43.473] [INFO] result - 
[2018-03-06T21:12:43.475] [INFO] result - [36m[9m» [29m[39m[1mmovie-finders tests[22m
[2018-03-06T21:12:43.476] [INFO] result - 
[2018-03-06T21:12:43.476] [INFO] result - 	[36m[9m» [29m[39m[1mMovie details[22m
[2018-03-06T21:12:43.478] [INFO] result - 		[90m[9m▻  [29m[39mshould have movie name as header
[2018-03-06T21:12:49.153] [INFO] default - Начало теста на проверку названия фильма
[2018-03-06T21:12:52.411] [INFO] default - Тест пройден,полученное название фильма The Maze Runner совпадает с ожидаемым названием The Maze Runner
[2018-03-06T21:12:52.418] [INFO] result - 		[32m[9m✓  [29m[39mshould have movie name as header[90m ([9m9 s[29m)[39m
[2018-03-06T21:12:52.418] [INFO] result - 		[90m[9m▻  [29m[39mshould have raiting
[2018-03-06T21:12:52.418] [INFO] result - 		[90m[9m#  [29m[39mshould have raiting
[2018-03-06T21:12:52.421] [INFO] result - 		[90m[9m▻  [29m[39mshould have simular movies block with atleast one movie
[2018-03-06T21:12:52.421] [INFO] result - 		[90m[9m#  [29m[39mshould have simular movies block with atleast one movie
[2018-03-06T21:12:52.423] [INFO] result - 
[2018-03-06T21:12:52.424] [INFO] result - 	[36m[9m» [29m[39m[1mcast block[22m
[2018-03-06T21:12:52.424] [INFO] result - 		[90m[9m▻  [29m[39mshould show atleast one actor
[2018-03-06T21:12:52.424] [INFO] result - 		[90m[9m#  [29m[39mshould show atleast one actor
[2018-03-06T21:12:52.425] [INFO] result - 
[2018-03-06T21:12:52.425] [INFO] result - 	[36m[9m» [29m[39m[1mreviews block[22m
[2018-03-06T21:12:52.426] [INFO] result - 		[90m[9m▻  [29m[39mshould be atleast one review
[2018-03-06T21:12:52.427] [INFO] result - 		[90m[9m#  [29m[39mshould be atleast one review
[2018-03-06T21:12:52.427] [INFO] result - 		[90m[9m▻  [29m[39mshould have reviewer name as link to source
[2018-03-06T21:12:52.428] [INFO] result - 		[90m[9m#  [29m[39mshould have reviewer name as link to source
[2018-03-06T21:12:52.428] [INFO] result - 
[2018-03-06T21:12:52.429] [INFO] result - 	[36m[9m» [29m[39m[1mPopular series[22m
[2018-03-06T21:12:52.429] [INFO] result - 		[90m[9m▻  [29m[39mshouldnt have search bar
[2018-03-06T21:12:52.433] [INFO] result - 		[90m[9m#  [29m[39mshouldnt have search bar
[2018-03-06T21:12:52.435] [INFO] result - 		[90m[9m▻  [29m[39mshould have "First Air Date" instead "Release Date"
[2018-03-06T21:12:52.435] [INFO] result - 		[90m[9m#  [29m[39mshould have "First Air Date" instead "Release Date"
[2018-03-06T21:12:52.436] [INFO] result - 
[2018-03-06T21:12:52.440] [INFO] result - 
[2018-03-06T21:12:52.440] [INFO] result - **************************************************
[2018-03-06T21:12:52.440] [INFO] result - *                   [7m[1m Summary [22m[27m                    *
[2018-03-06T21:12:52.440] [INFO] result - **************************************************
[2018-03-06T21:12:52.441] [INFO] result - 
[2018-03-06T21:12:52.442] [INFO] result - [3m[90mExecuted [39m[9m1[29m[90m out of [39m[9m8[29m[90m specs [39m[90min [39m[90m[9m9 s[29m[39m[23m
[2018-03-06T21:12:52.442] [INFO] result - 
[2018-03-06T21:12:52.442] [INFO] result - 	[32mPASSED   1 ( 12.5% )[39m
[2018-03-06T21:12:52.443] [INFO] result - 	[31mFAILED   0 ( 0% )[39m
[2018-03-06T21:12:52.443] [INFO] result - 	[33mSKIPPED  7 ( 87.5% )[39m
[2018-03-06T21:12:52.444] [INFO] result - 
[2018-03-06T21:12:52.666] [INFO] result - [[90m21:12:52[39m] I/launcher -
[2018-03-06T21:14:40.245] [INFO] default - On prepare started
[2018-03-06T21:14:41.729] [INFO] result - [7m[1m
 JASMINE STARTING: 
[22m[27m
[2018-03-06T21:14:41.731] [INFO] result - 
[2018-03-06T21:14:41.732] [INFO] result - [36m[9m» [29m[39m[1mmovie-finders tests[22m
[2018-03-06T21:14:41.733] [INFO] result - 
[2018-03-06T21:14:41.733] [INFO] result - 	[36m[9m» [29m[39m[1mMovie details[22m
[2018-03-06T21:14:41.734] [INFO] result - 		[90m[9m▻  [29m[39mshould have movie name as header
[2018-03-06T21:14:48.171] [INFO] default - Начало теста на проверку названия фильма
[2018-03-06T21:14:50.160] [INFO] result - 		[31m[9m✗  [29m[39mshould have movie name as header[90m ([9m8 s[29m)[39m
[2018-03-06T21:14:50.160] [INFO] result - 			[31m- [39m[31mFailed: Matcher expects to be applied to ElementFinder object, but got: [] instead[39m
[2018-03-06T21:14:50.160] [INFO] result - 		[90m[9m▻  [29m[39mshould have raiting
[2018-03-06T21:14:50.167] [INFO] result - 		[90m[9m#  [29m[39mshould have raiting
[2018-03-06T21:14:50.168] [INFO] result - 		[90m[9m▻  [29m[39mshould have simular movies block with atleast one movie
[2018-03-06T21:14:50.169] [INFO] result - 		[90m[9m#  [29m[39mshould have simular movies block with atleast one movie
[2018-03-06T21:14:50.169] [INFO] result - 
[2018-03-06T21:14:50.171] [INFO] result - 	[36m[9m» [29m[39m[1mcast block[22m
[2018-03-06T21:14:50.172] [INFO] result - 		[90m[9m▻  [29m[39mshould show atleast one actor
[2018-03-06T21:14:50.176] [INFO] result - 		[90m[9m#  [29m[39mshould show atleast one actor
[2018-03-06T21:14:50.179] [INFO] result - 
[2018-03-06T21:14:50.180] [INFO] result - 	[36m[9m» [29m[39m[1mreviews block[22m
[2018-03-06T21:14:50.181] [INFO] result - 		[90m[9m▻  [29m[39mshould be atleast one review
[2018-03-06T21:14:50.182] [INFO] result - 		[90m[9m#  [29m[39mshould be atleast one review
[2018-03-06T21:14:50.184] [INFO] result - 		[90m[9m▻  [29m[39mshould have reviewer name as link to source
[2018-03-06T21:14:50.185] [INFO] result - 		[90m[9m#  [29m[39mshould have reviewer name as link to source
[2018-03-06T21:14:50.186] [INFO] result - 
[2018-03-06T21:14:50.186] [INFO] result - 	[36m[9m» [29m[39m[1mPopular series[22m
[2018-03-06T21:14:50.187] [INFO] result - 		[90m[9m▻  [29m[39mshouldnt have search bar
[2018-03-06T21:14:50.188] [INFO] result - 		[90m[9m#  [29m[39mshouldnt have search bar
[2018-03-06T21:14:50.190] [INFO] result - 		[90m[9m▻  [29m[39mshould have "First Air Date" instead "Release Date"
[2018-03-06T21:14:50.191] [INFO] result - 		[90m[9m#  [29m[39mshould have "First Air Date" instead "Release Date"
[2018-03-06T21:14:50.192] [INFO] result - 
[2018-03-06T21:14:50.210] [INFO] result - 
[2018-03-06T21:14:50.212] [INFO] result - **************************************************
[2018-03-06T21:14:50.213] [INFO] result - *                   [7m[1m Summary [22m[27m                    *
[2018-03-06T21:14:50.214] [INFO] result - **************************************************
[2018-03-06T21:14:50.215] [INFO] result - 
[2018-03-06T21:14:50.215] [INFO] result - [3m[90mExecuted [39m[9m1[29m[90m out of [39m[9m8[29m[90m specs [39m[90min [39m[90m[9m8 s[29m[39m[23m
[2018-03-06T21:14:50.216] [INFO] result - 
[2018-03-06T21:14:50.216] [INFO] result - 	[32mPASSED   0 ( 0% )[39m
[2018-03-06T21:14:50.217] [INFO] result - 	[31mFAILED   1 ( 12.5% )[39m
[2018-03-06T21:14:50.217] [INFO] result - 	[33mSKIPPED  7 ( 87.5% )[39m
[2018-03-06T21:14:50.218] [INFO] result - 
[2018-03-06T21:14:50.218] [INFO] result - 
[2018-03-06T21:14:50.220] [INFO] result - **************************************************
[2018-03-06T21:14:50.220] [INFO] result - *                   [7m[1m Failures [22m[27m                   *
[2018-03-06T21:14:50.220] [INFO] result - **************************************************
[2018-03-06T21:14:50.222] [INFO] result - 
[2018-03-06T21:14:50.222] [INFO] result - 1) [1mmovie-finders tests Movie details should have movie name as header[22m
[2018-03-06T21:14:50.223] [INFO] result - 	[31m- [39m[31mFailed: Matcher expects to be applied to ElementFinder object, but got: [] instead[39m
[2018-03-06T21:14:50.224] [INFO] result - 	[31mFrom asynchronous test: 
Error
    at Suite.<anonymous> (C:\Users\Alek\Documents\GitHub\5-startit-movie-finder-delfin123\Hometask5\lesson5task.ts:27:17)
    at Generator.next (<anonymous>)
    at C:\Users\Alek\Documents\GitHub\5-startit-movie-finder-delfin123\Hometask5\lesson5task.ts:7:71
    at new Promise (<anonymous>)
    at __awaiter (C:\Users\Alek\Documents\GitHub\5-startit-movie-finder-delfin123\Hometask5\lesson5task.ts:3:12)
    at Suite.<anonymous> (C:\Users\Alek\Documents\GitHub\5-startit-movie-finder-delfin123\Hometask5\lesson5task.ts:26:20)[39m
[2018-03-06T21:14:50.225] [INFO] result - 
[2018-03-06T21:14:50.453] [INFO] result - [[90m21:14:50[39m] I/launcher -
[2018-03-06T21:15:11.353] [INFO] default - On prepare started
[2018-03-06T21:15:12.842] [INFO] result - [7m[1m
 JASMINE STARTING: 
[22m[27m
[2018-03-06T21:15:12.844] [INFO] result - 
[2018-03-06T21:15:12.848] [INFO] result - [36m[9m» [29m[39m[1mmovie-finders tests[22m
[2018-03-06T21:15:12.849] [INFO] result - 
[2018-03-06T21:15:12.849] [INFO] result - 	[36m[9m» [29m[39m[1mMovie details[22m
[2018-03-06T21:15:12.851] [INFO] result - 		[90m[9m▻  [29m[39mshould have movie name as header
[2018-03-06T21:15:18.483] [INFO] default - Начало теста на проверку названия фильма
[2018-03-06T21:15:43.094] [INFO] default - Тест пройден,полученное название фильма The Maze Runner совпадает с ожидаемым названием The Maze Runner
[2018-03-06T21:15:43.098] [INFO] result - 		[31m[9m✗  [29m[39mshould have movie name as header[90m ([9m30 s[29m)[39m
[2018-03-06T21:15:43.098] [INFO] result - 			[31m- [39m[31mElement By(css selector, p a.m-r-md) was expected to be shown in 20000 milliseconds but is NOT visible[39m
[2018-03-06T21:15:43.102] [INFO] result - 		[90m[9m▻  [29m[39mshould have raiting
[2018-03-06T21:15:43.103] [INFO] result - 		[90m[9m#  [29m[39mshould have raiting
[2018-03-06T21:15:43.103] [INFO] result - 		[90m[9m▻  [29m[39mshould have simular movies block with atleast one movie
[2018-03-06T21:15:43.104] [INFO] result - 		[90m[9m#  [29m[39mshould have simular movies block with atleast one movie
[2018-03-06T21:15:43.105] [INFO] result - 
[2018-03-06T21:15:43.106] [INFO] result - 	[36m[9m» [29m[39m[1mcast block[22m
[2018-03-06T21:15:43.106] [INFO] result - 		[90m[9m▻  [29m[39mshould show atleast one actor
[2018-03-06T21:15:43.106] [INFO] result - 		[90m[9m#  [29m[39mshould show atleast one actor
[2018-03-06T21:15:43.107] [INFO] result - 
[2018-03-06T21:15:43.107] [INFO] result - 	[36m[9m» [29m[39m[1mreviews block[22m
[2018-03-06T21:15:43.107] [INFO] result - 		[90m[9m▻  [29m[39mshould be atleast one review
[2018-03-06T21:15:43.108] [INFO] result - 		[90m[9m#  [29m[39mshould be atleast one review
[2018-03-06T21:15:43.109] [INFO] result - 		[90m[9m▻  [29m[39mshould have reviewer name as link to source
[2018-03-06T21:15:43.109] [INFO] result - 		[90m[9m#  [29m[39mshould have reviewer name as link to source
[2018-03-06T21:15:43.110] [INFO] result - 
[2018-03-06T21:15:43.110] [INFO] result - 	[36m[9m» [29m[39m[1mPopular series[22m
[2018-03-06T21:15:43.111] [INFO] result - 		[90m[9m▻  [29m[39mshouldnt have search bar
[2018-03-06T21:15:43.114] [INFO] result - 		[90m[9m#  [29m[39mshouldnt have search bar
[2018-03-06T21:15:43.115] [INFO] result - 		[90m[9m▻  [29m[39mshould have "First Air Date" instead "Release Date"
[2018-03-06T21:15:43.115] [INFO] result - 		[90m[9m#  [29m[39mshould have "First Air Date" instead "Release Date"
[2018-03-06T21:15:43.116] [INFO] result - 
[2018-03-06T21:15:43.123] [INFO] result - 
[2018-03-06T21:15:43.124] [INFO] result - **************************************************
[2018-03-06T21:15:43.124] [INFO] result - *                   [7m[1m Summary [22m[27m                    *
[2018-03-06T21:15:43.124] [INFO] result - **************************************************
[2018-03-06T21:15:43.125] [INFO] result - 
[2018-03-06T21:15:43.125] [INFO] result - [3m[90mExecuted [39m[9m1[29m[90m out of [39m[9m8[29m[90m specs [39m[90min [39m[90m[9m30 s[29m[39m[23m
[2018-03-06T21:15:43.126] [INFO] result - 
[2018-03-06T21:15:43.126] [INFO] result - 	[32mPASSED   0 ( 0% )[39m
[2018-03-06T21:15:43.127] [INFO] result - 	[31mFAILED   1 ( 12.5% )[39m
[2018-03-06T21:15:43.128] [INFO] result - 	[33mSKIPPED  7 ( 87.5% )[39m
[2018-03-06T21:15:43.129] [INFO] result - 
[2018-03-06T21:15:43.129] [INFO] result - 
[2018-03-06T21:15:43.129] [INFO] result - **************************************************
[2018-03-06T21:15:43.129] [INFO] result - *                   [7m[1m Failures [22m[27m                   *
[2018-03-06T21:15:43.130] [INFO] result - **************************************************
[2018-03-06T21:15:43.130] [INFO] result - 
[2018-03-06T21:15:43.130] [INFO] result - 1) [1mmovie-finders tests Movie details should have movie name as header[22m
[2018-03-06T21:15:43.131] [INFO] result - 	[31m- [39m[31mElement By(css selector, p a.m-r-md) was expected to be shown in 20000 milliseconds but is NOT visible[39m
[2018-03-06T21:15:43.131] [INFO] result - 	[31m    at UserContext.<anonymous> (C:\Users\Alek\Documents\GitHub\5-startit-movie-finder-delfin123\Hometask5\lesson5task.ts:32:71)
    at Generator.next (<anonymous>)
    at fulfilled (C:\Users\Alek\Documents\GitHub\5-startit-movie-finder-delfin123\Hometask5\lesson5task.ts:4:58)
    at <anonymous>
    at process._tickCallback (internal/process/next_tick.js:160:7)[39m
[2018-03-06T21:15:43.132] [INFO] result - 
[2018-03-06T21:15:43.338] [INFO] result - [[90m21:15:43[39m] I/launcher -
