[2018-04-20T02:40:16.123] [INFO] default - On prepare started
[2018-04-20T02:40:18.508] [INFO] result - [7m[1m
 JASMINE STARTING: 
[22m[27m
[2018-04-20T02:40:18.508] [INFO] result - 
[2018-04-20T02:40:18.508] [INFO] result - [36m[9m» [29m[39m[1mmovie-finders tests[22m
[2018-04-20T02:40:18.508] [INFO] result - 
[2018-04-20T02:40:18.508] [INFO] result - 	[36m[9m» [29m[39m[1mMovie details[22m
[2018-04-20T02:40:18.508] [INFO] result - 		[90m[9m▻  [29m[39mshould have movie name as header
[2018-04-20T02:40:23.328] [INFO] default - Начало теста на проверку названия фильма
[2018-04-20T02:40:25.726] [INFO] default - Тест пройден,полученное название фильма The Maze Runner совпадает с ожидаемым названием The Maze Runner
[2018-04-20T02:40:25.730] [INFO] result - 		[32m[9m✓  [29m[39mshould have movie name as header[90m ([9m7 s[29m)[39m
[2018-04-20T02:40:25.731] [INFO] result - 		[90m[9m▻  [29m[39mshould have rating
[2018-04-20T02:40:26.866] [INFO] default - Начало теста на проверку рейтинга
[2018-04-20T02:40:28.623] [INFO] default - The rating of film is 8
[2018-04-20T02:40:28.628] [INFO] result - 		[32m[9m✓  [29m[39mshould have rating[90m ([9m3 s[29m)[39m
[2018-04-20T02:40:28.629] [INFO] result - 		[90m[9m▻  [29m[39mshould have similar movies block with at least one movie
[2018-04-20T02:40:30.023] [INFO] default - Начало теста на проверку наличия подобных фильмов
[2018-04-20T02:40:34.902] [INFO] default - Number of similar movies is 12
[2018-04-20T02:40:34.955] [INFO] default - Искомый фильм включает такие жанры Action,Science Fiction
[2018-04-20T02:40:35.786] [INFO] default - Подобный фильм включает такие жанры Action,Adventure,Science Fiction,Fantasy
[2018-04-20T02:40:35.787] [INFO] default - Фильмы совпадают по таким жанрам: Action,Science Fiction
[2018-04-20T02:40:35.791] [INFO] result - 		[32m[9m✓  [29m[39mshould have similar movies block with at least one movie[90m ([9m7 s[29m)[39m
[2018-04-20T02:40:35.792] [INFO] result - 
[2018-04-20T02:40:35.793] [INFO] result - 	[36m[9m» [29m[39m[1mcast block[22m
[2018-04-20T02:40:35.793] [INFO] result - 		[90m[9m▻  [29m[39mshould show at least one actor
[2018-04-20T02:40:36.724] [INFO] default - Начало теста на наличие фото актеров на странице фильма
[2018-04-20T02:40:38.281] [INFO] default - Фото присутствуют в количестве 4 и имя первого актера Elijah Wood
[2018-04-20T02:40:38.281] [INFO] result - 		[32m[9m✓  [29m[39mshould show at least one actor[90m ([9m2 s[29m)[39m
[2018-04-20T02:40:38.281] [INFO] result - 
[2018-04-20T02:40:38.281] [INFO] result - 	[36m[9m» [29m[39m[1mreviews block[22m
[2018-04-20T02:40:38.281] [INFO] result - 		[90m[9m▻  [29m[39mshould contain at least one review
[2018-04-20T02:40:39.148] [INFO] default - Начало теста на наличие ревью на странице фильма
[2018-04-20T02:40:40.728] [INFO] default - Ревью присутствуют на странице в количестве 2 и текст первого ревью такой: The movie was not great. I don't like action movies that much but I'm expecting some good fighting scenes since this is a Marvel movie. I was disappointed. It was mostly talking and I don't understand half of what the actors were saying. I should watch this with subtitles next time.
[2018-04-20T02:40:40.731] [INFO] result - 		[32m[9m✓  [29m[39mshould contain at least one review[90m ([9m2 s[29m)[39m
[2018-04-20T02:40:40.731] [INFO] result - 		[90m[9m▻  [29m[39mshould have reviewer name as link to source
[2018-04-20T02:40:41.854] [INFO] default - Начало теста на проверку внешней интернет страницы ревьюера
[2018-04-20T02:40:44.512] [INFO] default - Тест пршел успешно, данная страница доступна и полное ревью фильма с внешней интернет страницы ревьюера такой: When monstrous, building-sized creatures (dubbed "kaiju") hell-bent on destruction begin pouring out of an extra-dimensional fissure at the bottom of the Pacific Ocean, humanity bands together to build titanic mechas called jaegers, each controlled simultaneously by two pilots whose minds are linked through a neural bond called "The Drift." As the kaiju get stronger and the signs point to an all-out flood of the beasts, the fate of humanity looks bleak, and the surviving jaegers are brought together for one last-ditch attempt at saving the world.
[2018-04-20T02:40:44.541] [INFO] result - 		[32m[9m✓  [29m[39mshould have reviewer name as link to source[90m ([9m4 s[29m)[39m
[2018-04-20T02:40:44.542] [INFO] result - 
[2018-04-20T02:40:44.542] [INFO] result - 	[36m[9m» [29m[39m[1mPopular series[22m
[2018-04-20T02:40:44.543] [INFO] result - 		[90m[9m▻  [29m[39mshouldn't have search bar
[2018-04-20T02:40:45.353] [INFO] default - Начало теста на отсутствие поисквой строки на странице популярных фильмов
[2018-04-20T02:40:46.937] [INFO] default - Тест прошел успешно, поисковая строка на странице популярных фильмов отсутствует
[2018-04-20T02:40:46.953] [INFO] result - 		[32m[9m✓  [29m[39mshouldn't have search bar[90m ([9m2 s[29m)[39m
[2018-04-20T02:40:46.953] [INFO] result - 		[90m[9m▻  [29m[39mshould have "First Air Date" instead "Release Date"
[2018-04-20T02:40:47.702] [INFO] default - Начало теста на проверки наличия фразы "First Air Date" в разделе популярынх фильмов в блоке первого выхода на экраны
[2018-04-20T02:40:49.270] [INFO] default - Тест прошел успешно, данный текст присутствует в каждом блоке первого выхода на экраны и количество популярных фильмов на сайте -20
[2018-04-20T02:40:49.270] [INFO] result - 		[32m[9m✓  [29m[39mshould have "First Air Date" instead "Release Date"[90m ([9m2 s[29m)[39m
[2018-04-20T02:40:49.270] [INFO] result - 
[2018-04-20T02:40:49.286] [INFO] result - 
[2018-04-20T02:40:49.286] [INFO] result - **************************************************
[2018-04-20T02:40:49.286] [INFO] result - *                   [7m[1m Summary [22m[27m                    *
[2018-04-20T02:40:49.286] [INFO] result - **************************************************
[2018-04-20T02:40:49.286] [INFO] result - 
[2018-04-20T02:40:49.286] [INFO] result - [3m[90mExecuted [39m[9m8[29m[90m out of [39m[9m8[29m[90m specs [39m[90min [39m[90m[9m31 s[29m[39m[23m
[2018-04-20T02:40:49.286] [INFO] result - 
[2018-04-20T02:40:49.286] [INFO] result - 	[32mPASSED   8 ( 100% )[39m
[2018-04-20T02:40:49.286] [INFO] result - 	[31mFAILED   0 ( 0% )[39m
[2018-04-20T02:40:49.286] [INFO] result - 	[33mSKIPPED  0 ( 0% )[39m
[2018-04-20T02:40:49.286] [INFO] result - 
[2018-04-20T02:40:49.504] [INFO] result - [[90m02:40:49[39m] I/launcher -
[2018-04-20T02:41:15.445] [INFO] result - On prepare started
[2018-04-20T02:41:17.212] [INFO] result - [7m[1m
 JASMINE STARTING: 
[22m[27m
[2018-04-20T02:41:17.228] [INFO] result - 
[2018-04-20T02:41:17.228] [INFO] result - [36m[9m» [29m[39m[1mMovie card [22m
[2018-04-20T02:41:17.228] [INFO] result - 	[90m[9m▻  [29m[39mby exisiting name, should show first movie with complete name match
[2018-04-20T02:41:25.013] [INFO] default - Начало теста на проверку работы поиска фильма
[2018-04-20T02:41:25.781] [INFO] default - Тест пройден, полное название фильмаPacific Rim
[2018-04-20T02:41:25.781] [INFO] result - 	[32m[9m✓  [29m[39mby exisiting name, should show first movie with complete name match[90m ([9m9 s[29m)[39m
[2018-04-20T02:41:25.781] [INFO] result - 	[90m[9m▻  [29m[39mresults(all of them) should contain search request
[2018-04-20T02:41:26.714] [INFO] default - Начало теста на проверку работы поиска фильма относительно всех результатов поиска
[2018-04-20T02:41:29.574] [INFO] default - Тест пройден, все найденные фильмы содержат в названии фразу Lord of the Rings и список всех названий фильмов в результатах поиска такой - The Lord of the Rings: The Fellowship of the Ring,The Lord of the Rings: The Return of the King,The Lord of the Rings: The Two Towers,The Lord of the Rings,National Geographic - Beyond the Movie: The Lord of the Rings,The Making of 'The Lord of the Rings',Creating the Lord of the Rings Symphony,A Passage to Middle-earth: Making of 'Lord of the Rings',Master of the Rings: The Unauthorized Story Behind J.R.R. Tolkien's 'Lord of the Rings',The Hunt for Gollum,The Hobbit,The Return of the King
[2018-04-20T02:41:29.582] [INFO] result - 	[31m[9m✗  [29m[39mresults(all of them) should contain search request[90m ([9m4 s[29m)[39m
[2018-04-20T02:41:29.584] [INFO] result - 		[31m- [39m[31mExpected 'The Hunt for Gollum' to contain 'Lord of the Rings'.[39m
[2018-04-20T02:41:29.585] [INFO] result - 		[31m- [39m[31mExpected 'The Hobbit' to contain 'Lord of the Rings'.[39m
[2018-04-20T02:41:29.586] [INFO] result - 		[31m- [39m[31mExpected 'The Return of the King' to contain 'Lord of the Rings'.[39m
[2018-04-20T02:41:29.586] [INFO] result - 	[90m[9m▻  [29m[39mresult should be empty, after request for nonexistent movie
[2018-04-20T02:41:30.436] [INFO] default - Начало теста на проверку работы поиска фильма если ищется фильм с несуществующим названием
[2018-04-20T02:41:31.989] [INFO] result - search results is empty
[2018-04-20T02:41:33.074] [INFO] default - Тест пройден, в результате поиска не найдено соответсвующих фильмов
[2018-04-20T02:41:33.074] [INFO] result - 	[32m[9m✓  [29m[39mresult should be empty, after request for nonexistent movie[90m ([9m3 s[29m)[39m
[2018-04-20T02:41:33.074] [INFO] result - 
[2018-04-20T02:41:33.074] [INFO] result - [36m[9m» [29m[39m[1mMovie card [22m
[2018-04-20T02:41:33.074] [INFO] result - 	[90m[9m▻  [29m[39mshould have name
[2018-04-20T02:41:33.992] [INFO] default - Начало теста на наличие названия фильма на странице фильма
[2018-04-20T02:41:34.063] [INFO] default - Тест пройден и название фильма Life Is Beautiful
[2018-04-20T02:41:34.067] [INFO] result - 	[32m[9m✓  [29m[39mshould have name[90m ([9m0.993 s[29m)[39m
[2018-04-20T02:41:34.067] [INFO] result - 	[90m[9m▻  [29m[39mshould have "rating" pointer
[2018-04-20T02:41:34.956] [INFO] default - Начало теста на наличие рейтинга у фильма
[2018-04-20T02:41:35.022] [INFO] result - 	[31m[9m✗  [29m[39mshould have "rating" pointer[90m ([9m0.955 s[29m)[39m
[2018-04-20T02:41:35.023] [INFO] result - 		[31m- [39m[31mFailed: expected 20 to equal 19[39m
[2018-04-20T02:41:35.024] [INFO] result - 	[90m[9m▻  [29m[39mshould open appropriate "movie details" page, after click on "name" field
[2018-04-20T02:41:35.910] [INFO] default - Начало теста на наличие соответствия содержания фильма с названием фильма
[2018-04-20T02:41:38.587] [INFO] default - Содержание фильма с названием Spirited Away такое - A young girl, Chihiro, becomes trapped in a strange new world of spirits. When her parents undergo a mysterious transformation, she must call upon the courage she never knew she had to free her family.
[2018-04-20T02:41:38.591] [INFO] result - 	[32m[9m✓  [29m[39mshould open appropriate "movie details" page, after click on "name" field[90m ([9m4 s[29m)[39m
[2018-04-20T02:41:38.592] [INFO] result - 
[2018-04-20T02:41:38.592] [INFO] result - [36m[9m» [29m[39m[1mMovie card [22m
[2018-04-20T02:41:38.593] [INFO] result - 	[90m[9m▻  [29m[39mshould open "Upcoming movies" section
[2018-04-20T02:41:39.482] [INFO] default - Начало теста на проверку открытия страницы "Upcoming movies"
[2018-04-20T02:41:40.101] [INFO] default - Тест пройден, данная страница соответствует разделу "Upcoming movies"
[2018-04-20T02:41:40.101] [INFO] result - 	[32m[9m✓  [29m[39mshould open "Upcoming movies" section[90m ([9m2 s[29m)[39m
[2018-04-20T02:41:40.101] [INFO] result - 	[90m[9m▻  [29m[39mshould open "Popular Series" section
[2018-04-20T02:41:41.081] [INFO] default - Начало теста на проверку открытия страницы "Popular series"
[2018-04-20T02:41:41.617] [INFO] default - Тест пройден, данная страница соответствует разделу "Popular series"
[2018-04-20T02:41:41.649] [INFO] result - 	[32m[9m✓  [29m[39mshould open "Popular Series" section[90m ([9m2 s[29m)[39m
[2018-04-20T02:41:41.649] [INFO] result - 	[90m[9m▻  [29m[39mshould open "Action" category
[2018-04-20T02:41:42.588] [INFO] default - Начало теста на проверку открытия страницы c категорией фильмов "Action category"
[2018-04-20T02:41:43.188] [INFO] default - Тест пройден, данная страница соответствует разделу "Action category"
[2018-04-20T02:41:43.190] [INFO] result - 	[32m[9m✓  [29m[39mshould open "Action" category[90m ([9m2 s[29m)[39m
[2018-04-20T02:41:43.190] [INFO] result - 
[2018-04-20T02:41:43.202] [INFO] result - 
[2018-04-20T02:41:43.202] [INFO] result - **************************************************
[2018-04-20T02:41:43.202] [INFO] result - *                   [7m[1m Summary [22m[27m                    *
[2018-04-20T02:41:43.202] [INFO] result - **************************************************
[2018-04-20T02:41:43.202] [INFO] result - 
[2018-04-20T02:41:43.203] [INFO] result - [3m[90mExecuted [39m[9m9[29m[90m out of [39m[9m9[29m[90m specs [39m[90min [39m[90m[9m26 s[29m[39m[23m
[2018-04-20T02:41:43.203] [INFO] result - 
[2018-04-20T02:41:43.203] [INFO] result - 	[32mPASSED   7 ( 77.77% )[39m
[2018-04-20T02:41:43.203] [INFO] result - 	[31mFAILED   2 ( 22.22% )[39m
[2018-04-20T02:41:43.204] [INFO] result - 	[33mSKIPPED  0 ( 0% )[39m
[2018-04-20T02:41:43.204] [INFO] result - 
[2018-04-20T02:41:43.204] [INFO] result - 
[2018-04-20T02:41:43.204] [INFO] result - **************************************************
[2018-04-20T02:41:43.205] [INFO] result - *                   [7m[1m Failures [22m[27m                   *
[2018-04-20T02:41:43.205] [INFO] result - **************************************************
[2018-04-20T02:41:43.205] [INFO] result - 
[2018-04-20T02:41:43.206] [INFO] result - 1) [1mMovie card  results(all of them) should contain search request[22m
[2018-04-20T02:41:43.206] [INFO] result - 	[31m- [39m[31mExpected 'The Hunt for Gollum' to contain 'Lord of the Rings'.[39m
[2018-04-20T02:41:43.206] [INFO] result - 	[31m    at C:\Users\Alek\Documents\GitHub\5-startit-movie-finder-delfin123\Hometask3\search.ts:96:88
    at Array.forEach (<anonymous>)
    at UserContext.<anonymous> (C:\Users\Alek\Documents\GitHub\5-startit-movie-finder-delfin123\Hometask3\search.ts:96:40)
    at step (C:\Users\Alek\Documents\GitHub\5-startit-movie-finder-delfin123\Hometask3\search.ts:32:23)
    at Object.next (C:\Users\Alek\Documents\GitHub\5-startit-movie-finder-delfin123\Hometask3\search.ts:13:53)
    at fulfilled (C:\Users\Alek\Documents\GitHub\5-startit-movie-finder-delfin123\Hometask3\search.ts:4:58)
    at <anonymous>
    at process._tickCallback (internal/process/next_tick.js:188:7)[39m
[2018-04-20T02:41:43.207] [INFO] result - 	[31m- [39m[31mExpected 'The Hobbit' to contain 'Lord of the Rings'.[39m
[2018-04-20T02:41:43.207] [INFO] result - 	[31m    at C:\Users\Alek\Documents\GitHub\5-startit-movie-finder-delfin123\Hometask3\search.ts:96:88
    at Array.forEach (<anonymous>)
    at UserContext.<anonymous> (C:\Users\Alek\Documents\GitHub\5-startit-movie-finder-delfin123\Hometask3\search.ts:96:40)
    at step (C:\Users\Alek\Documents\GitHub\5-startit-movie-finder-delfin123\Hometask3\search.ts:32:23)
    at Object.next (C:\Users\Alek\Documents\GitHub\5-startit-movie-finder-delfin123\Hometask3\search.ts:13:53)
    at fulfilled (C:\Users\Alek\Documents\GitHub\5-startit-movie-finder-delfin123\Hometask3\search.ts:4:58)
    at <anonymous>
    at process._tickCallback (internal/process/next_tick.js:188:7)[39m
[2018-04-20T02:41:43.207] [INFO] result - 	[31m- [39m[31mExpected 'The Return of the King' to contain 'Lord of the Rings'.[39m
[2018-04-20T02:41:43.207] [INFO] result - 	[31m    at C:\Users\Alek\Documents\GitHub\5-startit-movie-finder-delfin123\Hometask3\search.ts:96:88
    at Array.forEach (<anonymous>)
    at UserContext.<anonymous> (C:\Users\Alek\Documents\GitHub\5-startit-movie-finder-delfin123\Hometask3\search.ts:96:40)
    at step (C:\Users\Alek\Documents\GitHub\5-startit-movie-finder-delfin123\Hometask3\search.ts:32:23)
    at Object.next (C:\Users\Alek\Documents\GitHub\5-startit-movie-finder-delfin123\Hometask3\search.ts:13:53)
    at fulfilled (C:\Users\Alek\Documents\GitHub\5-startit-movie-finder-delfin123\Hometask3\search.ts:4:58)
    at <anonymous>
    at process._tickCallback (internal/process/next_tick.js:188:7)[39m
[2018-04-20T02:41:43.208] [INFO] result - 
[2018-04-20T02:41:43.208] [INFO] result - 2) [1mMovie card  should have "rating" pointer[22m
[2018-04-20T02:41:43.209] [INFO] result - 	[31m- [39m[31mFailed: expected 20 to equal 19[39m
[2018-04-20T02:41:43.209] [INFO] result - 	[31m    at UserContext.<anonymous> (C:\Users\Alek\Documents\GitHub\5-startit-movie-finder-delfin123\Hometask3\movieCard.ts:92:58)
    at step (C:\Users\Alek\Documents\GitHub\5-startit-movie-finder-delfin123\Hometask3\movieCard.ts:32:23)
    at Object.next (C:\Users\Alek\Documents\GitHub\5-startit-movie-finder-delfin123\Hometask3\movieCard.ts:13:53)
    at fulfilled (C:\Users\Alek\Documents\GitHub\5-startit-movie-finder-delfin123\Hometask3\movieCard.ts:4:58)
    at <anonymous>
    at process._tickCallback (internal/process/next_tick.js:188:7)
From asynchronous test: 
Error
    at Suite.<anonymous> (C:\Users\Alek\Documents\GitHub\5-startit-movie-finder-delfin123\Hometask3\movieCard.ts:79:13)
    at step (C:\Users\Alek\Documents\GitHub\5-startit-movie-finder-delfin123\Hometask3\movieCard.ts:32:23)
    at Object.next (C:\Users\Alek\Documents\GitHub\5-startit-movie-finder-delfin123\Hometask3\movieCard.ts:13:53)
    at C:\Users\Alek\Documents\GitHub\5-startit-movie-finder-delfin123\Hometask3\movieCard.ts:7:71
    at new Promise (<anonymous>)
    at __awaiter (C:\Users\Alek\Documents\GitHub\5-startit-movie-finder-delfin123\Hometask3\movieCard.ts:3:12)
    at Suite.<anonymous> (C:\Users\Alek\Documents\GitHub\5-startit-movie-finder-delfin123\Hometask3\movieCard.ts:44:12)[39m
[2018-04-20T02:41:43.210] [INFO] result - 
[2018-04-20T02:41:43.390] [INFO] result - [[90m02:41:43[39m] I/launcher -
