[2018-02-27T16:34:15.971] [INFO] result - On prepare started
[2018-02-27T16:35:35.929] [INFO] result - On prepare started
[2018-02-27T16:35:37.362] [INFO] result - [7m[1m
 JASMINE STARTING: 
[22m[27m
[2018-02-27T16:35:37.362] [INFO] result - 
[2018-02-27T16:35:37.362] [INFO] result - [36m[9m» [29m[39m[1mMovie card [22m
[2018-02-27T16:35:37.362] [INFO] result - 	[90m[9m▻  [29m[39mby exisiting name, should show first movie with complete name match
[2018-02-27T16:35:48.825] [INFO] default - Начало теста на проверку работы поиска фильма
[2018-02-27T16:35:49.726] [INFO] default - Тест пройден, полное название фильмаPacific Rim
[2018-02-27T16:35:49.748] [INFO] result - 	[32m[9m✓  [29m[39mby exisiting name, should show first movie with complete name match[90m ([9m12 s[29m)[39m
[2018-02-27T16:35:49.748] [INFO] result - 	[90m[9m▻  [29m[39mresults(all of them) should contain search request
[2018-02-27T16:35:50.981] [INFO] default - Начало теста на проверку работы поиска фильма относительно всех результатов поиска
[2018-02-27T16:35:53.857] [INFO] default - Тест пройден, все найденные фильмы содержат в названии фразу Lord of the Rings и список всех названий фильмов в результатах поиска такой - 
[2018-02-27T16:35:53.866] [INFO] result - 	[31m[9m✗  [29m[39mresults(all of them) should contain search request[90m ([9m4 s[29m)[39m
[2018-02-27T16:35:53.869] [INFO] result - 		[31m- [39m[31mExpected 'The Hunt for Gollum' to contain 'Lord of the Rings'.[39m
[2018-02-27T16:35:53.870] [INFO] result - 		[31m- [39m[31mExpected 'The Hobbit' to contain 'Lord of the Rings'.[39m
[2018-02-27T16:35:53.871] [INFO] result - 		[31m- [39m[31mExpected 'The Return of the King' to contain 'Lord of the Rings'.[39m
[2018-02-27T16:35:53.874] [INFO] result - 	[90m[9m▻  [29m[39mresult should be empty, after request for nonexistent movie
[2018-02-27T16:35:54.769] [INFO] default - Начало теста на проверку работы поиска фильма если ищется фильм с несуществующим названием
[2018-02-27T16:35:56.301] [INFO] result - search results is empty
[2018-02-27T16:35:57.334] [INFO] default - Тест пройден, в результате поиска не найдено соответсвующих фильмов
[2018-02-27T16:35:57.352] [INFO] result - 	[32m[9m✓  [29m[39mresult should be empty, after request for nonexistent movie[90m ([9m3 s[29m)[39m
[2018-02-27T16:35:57.355] [INFO] result - 
[2018-02-27T16:35:57.355] [INFO] result - [36m[9m» [29m[39m[1mMovie card [22m
[2018-02-27T16:35:57.355] [INFO] result - 	[90m[9m▻  [29m[39mshould have name
[2018-02-27T16:35:58.272] [INFO] default - Начало теста на наличие названия фильма на странице фильма
[2018-02-27T16:35:58.341] [INFO] default - Тест пройден и название фильма Once Upon a Time in America
[2018-02-27T16:35:58.345] [INFO] result - 	[32m[9m✓  [29m[39mshould have name[90m ([9m0.99 s[29m)[39m
[2018-02-27T16:35:58.346] [INFO] result - 	[90m[9m▻  [29m[39mshould have "raiting" pointer
[2018-02-27T16:35:59.258] [INFO] default - Начало теста на наличие рейтинга у фильма
[2018-02-27T16:35:59.306] [INFO] default - Тест пройден, количество фильмов - 20совпадает с количеством рейтингов фильмов - 20
[2018-02-27T16:35:59.311] [INFO] result - 	[32m[9m✓  [29m[39mshould have "raiting" pointer[90m ([9m0.965 s[29m)[39m
[2018-02-27T16:35:59.312] [INFO] result - 	[90m[9m▻  [29m[39mshould open appropriate "movie details" page, after click on "name" field
[2018-02-27T16:36:00.260] [INFO] default - Начало теста на наличие соответствия содержания фильма с названием фильма
[2018-02-27T16:36:01.318] [INFO] default - Содержание фильма с названием [object Object] такое - A young girl, Chihiro, becomes trapped in a strange new world of spirits. When her parents undergo a mysterious transformation, she must call upon the courage she never knew she had to free her family.
[2018-02-27T16:36:01.323] [INFO] result - 	[32m[9m✓  [29m[39mshould open appropriate "movie details" page, after click on "name" field[90m ([9m2 s[29m)[39m
[2018-02-27T16:36:01.324] [INFO] result - 
[2018-02-27T16:36:01.324] [INFO] result - [36m[9m» [29m[39m[1mMovie card [22m
[2018-02-27T16:36:01.325] [INFO] result - 	[90m[9m▻  [29m[39mshould open "Upcoming movies" section
[2018-02-27T16:36:02.474] [INFO] default - Начало теста на проверку открытия страницы "Upcoming movies"
[2018-02-27T16:36:03.110] [INFO] default - Тест пройден, данная страница соответствует разделу "Upcoming movies"
[2018-02-27T16:36:03.110] [INFO] result - 	[32m[9m✓  [29m[39mshould open "Upcoming movies" section[90m ([9m2 s[29m)[39m
[2018-02-27T16:36:03.110] [INFO] result - 	[90m[9m▻  [29m[39mshould open "Popular Series" section
[2018-02-27T16:36:04.607] [INFO] default - Начало теста на проверку открытия страницы "Popular series"
[2018-02-27T16:36:05.227] [INFO] default - Тест пройден, данная страница соответствует разделу "Popular series"
[2018-02-27T16:36:05.243] [INFO] result - 	[32m[9m✓  [29m[39mshould open "Popular Series" section[90m ([9m2 s[29m)[39m
[2018-02-27T16:36:05.243] [INFO] result - 	[90m[9m▻  [29m[39mshould open "Action" category
[2018-02-27T16:36:06.206] [INFO] default - Начало теста на проверку открытия страницы c категорией фильмов "Action category"
[2018-02-27T16:36:06.815] [INFO] default - Тест пройден, данная страница соответствует разделу "Action category"
[2018-02-27T16:36:06.815] [INFO] result - 	[32m[9m✓  [29m[39mshould open "Action" category[90m ([9m2 s[29m)[39m
[2018-02-27T16:36:06.815] [INFO] result - 
[2018-02-27T16:36:06.815] [INFO] result - 
[2018-02-27T16:36:06.815] [INFO] result - **************************************************
[2018-02-27T16:36:06.815] [INFO] result - *                   [7m[1m Summary [22m[27m                    *
[2018-02-27T16:36:06.815] [INFO] result - **************************************************
[2018-02-27T16:36:06.830] [INFO] result - 
[2018-02-27T16:36:06.830] [INFO] result - [3m[90mExecuted [39m[9m9[29m[90m out of [39m[9m9[29m[90m specs [39m[90min [39m[90m[9m29 s[29m[39m[23m
[2018-02-27T16:36:06.830] [INFO] result - 
[2018-02-27T16:36:06.830] [INFO] result - 	[32mPASSED   8 ( 88.88% )[39m
[2018-02-27T16:36:06.830] [INFO] result - 	[31mFAILED   1 ( 11.11% )[39m
[2018-02-27T16:36:06.830] [INFO] result - 	[33mSKIPPED  0 ( 0% )[39m
[2018-02-27T16:36:06.830] [INFO] result - 
[2018-02-27T16:36:06.830] [INFO] result - 
[2018-02-27T16:36:06.830] [INFO] result - **************************************************
[2018-02-27T16:36:06.830] [INFO] result - *                   [7m[1m Failures [22m[27m                   *
[2018-02-27T16:36:06.830] [INFO] result - **************************************************
[2018-02-27T16:36:06.830] [INFO] result - 
[2018-02-27T16:36:06.830] [INFO] result - 1) [1mMovie card  results(all of them) should contain search request[22m
[2018-02-27T16:36:06.830] [INFO] result - 	[31m- [39m[31mExpected 'The Hunt for Gollum' to contain 'Lord of the Rings'.[39m
[2018-02-27T16:36:06.830] [INFO] result - 	[31m    at titles.forEach.title (C:\Users\Alek\Documents\GitHub\5-startit-movie-finder-delfin123\Hometask3\search.ts:39:55)
    at Array.forEach (<anonymous>)
    at UserContext.<anonymous> (C:\Users\Alek\Documents\GitHub\5-startit-movie-finder-delfin123\Hometask3\search.ts:39:24)
    at Generator.next (<anonymous>)
    at fulfilled (C:\Users\Alek\Documents\GitHub\5-startit-movie-finder-delfin123\Hometask3\search.ts:4:58)
    at <anonymous>
    at process._tickCallback (internal/process/next_tick.js:160:7)[39m
[2018-02-27T16:36:06.830] [INFO] result - 	[31m- [39m[31mExpected 'The Hobbit' to contain 'Lord of the Rings'.[39m
[2018-02-27T16:36:06.830] [INFO] result - 	[31m    at titles.forEach.title (C:\Users\Alek\Documents\GitHub\5-startit-movie-finder-delfin123\Hometask3\search.ts:39:55)
    at Array.forEach (<anonymous>)
    at UserContext.<anonymous> (C:\Users\Alek\Documents\GitHub\5-startit-movie-finder-delfin123\Hometask3\search.ts:39:24)
    at Generator.next (<anonymous>)
    at fulfilled (C:\Users\Alek\Documents\GitHub\5-startit-movie-finder-delfin123\Hometask3\search.ts:4:58)
    at <anonymous>
    at process._tickCallback (internal/process/next_tick.js:160:7)[39m
[2018-02-27T16:36:06.830] [INFO] result - 	[31m- [39m[31mExpected 'The Return of the King' to contain 'Lord of the Rings'.[39m
[2018-02-27T16:36:06.830] [INFO] result - 	[31m    at titles.forEach.title (C:\Users\Alek\Documents\GitHub\5-startit-movie-finder-delfin123\Hometask3\search.ts:39:55)
    at Array.forEach (<anonymous>)
    at UserContext.<anonymous> (C:\Users\Alek\Documents\GitHub\5-startit-movie-finder-delfin123\Hometask3\search.ts:39:24)
    at Generator.next (<anonymous>)
    at fulfilled (C:\Users\Alek\Documents\GitHub\5-startit-movie-finder-delfin123\Hometask3\search.ts:4:58)
    at <anonymous>
    at process._tickCallback (internal/process/next_tick.js:160:7)[39m
[2018-02-27T16:36:06.830] [INFO] result - 
[2018-02-27T16:36:07.015] [INFO] result - [[90m16:36:07[39m] I/launcher -
[2018-02-27T16:38:37.543] [INFO] default - On prepare started
[2018-02-27T16:38:39.093] [INFO] result - [7m[1m
 JASMINE STARTING: 
[22m[27m
[2018-02-27T16:38:39.093] [INFO] result - 
[2018-02-27T16:38:39.093] [INFO] result - [36m[9m» [29m[39m[1mmovie-finders tests[22m
[2018-02-27T16:38:39.093] [INFO] result - 
[2018-02-27T16:38:39.093] [INFO] result - 	[36m[9m» [29m[39m[1mMovie details[22m
[2018-02-27T16:38:39.093] [INFO] result - 		[90m[9m▻  [29m[39mshould have movie name as header
[2018-02-27T16:38:43.534] [INFO] default - Начало теста на проверку названия фильма
[2018-02-27T16:38:45.850] [INFO] default - Тест пройден,полученное название фильма The Maze Runner совпадает с ожидаемым названием The Maze Runner
[2018-02-27T16:38:45.856] [INFO] result - 		[32m[9m✓  [29m[39mshould have movie name as header[90m ([9m7 s[29m)[39m
[2018-02-27T16:38:45.857] [INFO] result - 		[90m[9m▻  [29m[39mshould have raiting
[2018-02-27T16:38:47.136] [INFO] default - Начало теста на проверку рейтинга
[2018-02-27T16:38:48.655] [INFO] default - The raiting of film is 8
[2018-02-27T16:38:48.659] [INFO] result - 		[32m[9m✓  [29m[39mshould have raiting[90m ([9m3 s[29m)[39m
[2018-02-27T16:38:48.660] [INFO] result - 		[90m[9m▻  [29m[39mshould have simular movies block with atleast one movie
[2018-02-27T16:38:49.591] [INFO] default - Начало теста на проверку наличия подобных фильмов
[2018-02-27T16:38:51.506] [INFO] default - Number of similar movies is 12
[2018-02-27T16:38:52.061] [INFO] default - Искомый фильм включает такие жанры Action,Science Fiction
[2018-02-27T16:38:52.086] [INFO] result - Alien: Covenant
[2018-02-27T16:38:53.512] [INFO] result - Alien: Covenant
[2018-02-27T16:38:54.061] [INFO] default - Подобный фильм включает такие жанры Horror,Science Fiction,Thriller
[2018-02-27T16:38:54.062] [INFO] default - Фильмы совпадают по таким жанрам: Science Fiction
[2018-02-27T16:38:54.066] [INFO] result - 		[32m[9m✓  [29m[39mshould have simular movies block with atleast one movie[90m ([9m5 s[29m)[39m
[2018-02-27T16:38:54.066] [INFO] result - 
[2018-02-27T16:38:54.066] [INFO] result - 	[36m[9m» [29m[39m[1mcast block[22m
[2018-02-27T16:38:54.066] [INFO] result - 		[90m[9m▻  [29m[39mshould show atleast one actor
[2018-02-27T16:38:54.983] [INFO] default - Начало теста на наличие фото актеров на странице фильма
[2018-02-27T16:38:56.775] [INFO] default - Фото присутствуют в количестве 4 и имя первого актера Elijah Wood
[2018-02-27T16:38:56.779] [INFO] result - 		[32m[9m✓  [29m[39mshould show atleast one actor[90m ([9m3 s[29m)[39m
[2018-02-27T16:38:56.780] [INFO] result - 
[2018-02-27T16:38:56.780] [INFO] result - 	[36m[9m» [29m[39m[1mreviews block[22m
[2018-02-27T16:38:56.781] [INFO] result - 		[90m[9m▻  [29m[39mshould be atleast one review
[2018-02-27T16:38:57.585] [INFO] default - Начало теста на наличие ревью на странице фильма
[2018-02-27T16:38:59.278] [INFO] default - Ревью присутствуют на странице в количестве 2 и текст первого ревью такой: The movie was not great. I don't like action movies that much but I'm expecting some good fighting scenes since this is a Marvel movie. I was disappointed. It was mostly talking and I don't understand half of what the actors were saying. I should watch this with subtitles next time.
[2018-02-27T16:38:59.282] [INFO] result - 		[32m[9m✓  [29m[39mshould be atleast one review[90m ([9m3 s[29m)[39m
[2018-02-27T16:38:59.282] [INFO] result - 		[90m[9m▻  [29m[39mshould have reviewer name as link to source
[2018-02-27T16:39:00.233] [INFO] default - Начало теста на проверку внешней интернет страницы ревьюера
[2018-02-27T16:39:04.607] [INFO] default - Тест пршел успешно, данная страница доступна и полное ревью фильма с внешней интернет страницы ревьюера такой: First I want to say I liked this movie. I was surprised, I've been hearing bad reviews but I can't see big problem. The only issues was with the story. Apart from that the graphics where very good. The actors where okay (no major actors) and the baddies (no spoilers) where well thought out and graphically impressive (same for the robots).
[2018-02-27T16:39:04.656] [INFO] result - 		[32m[9m✓  [29m[39mshould have reviewer name as link to source[90m ([9m5 s[29m)[39m
[2018-02-27T16:39:04.657] [INFO] result - 
[2018-02-27T16:39:04.657] [INFO] result - 	[36m[9m» [29m[39m[1mPopular series[22m
[2018-02-27T16:39:04.657] [INFO] result - 		[90m[9m▻  [29m[39mshouldnt have search bar
[2018-02-27T16:39:05.556] [INFO] default - Начало теста на отсутствие поисквой строки на странице популярных фильмов
[2018-02-27T16:39:07.137] [INFO] default - Тест прошел успешно, поисковая строка на странице популярных фильмов отсутствует
[2018-02-27T16:39:07.146] [INFO] result - 		[32m[9m✓  [29m[39mshouldnt have search bar[90m ([9m2 s[29m)[39m
[2018-02-27T16:39:07.147] [INFO] result - 		[90m[9m▻  [29m[39mshould have "First Air Date" instead "Release Date"
[2018-02-27T16:39:07.879] [INFO] default - Начало теста на проверки наличия фразы "First Air Date" в разделе популярынх фильмов в блоке первого выхода на экраны
[2018-02-27T16:39:08.981] [INFO] default - Тест прошел успешно, данный текст присутствует в каждом блоке первого выхода на экраны и количество популярных фильмов на сайте -20
[2018-02-27T16:39:08.981] [INFO] result - 		[32m[9m✓  [29m[39mshould have "First Air Date" instead "Release Date"[90m ([9m2 s[29m)[39m
[2018-02-27T16:39:08.981] [INFO] result - 
[2018-02-27T16:39:08.981] [INFO] result - 
[2018-02-27T16:39:08.981] [INFO] result - **************************************************
[2018-02-27T16:39:08.981] [INFO] result - *                   [7m[1m Summary [22m[27m                    *
[2018-02-27T16:39:08.981] [INFO] result - **************************************************
[2018-02-27T16:39:08.997] [INFO] result - 
[2018-02-27T16:39:08.997] [INFO] result - [3m[90mExecuted [39m[9m8[29m[90m out of [39m[9m8[29m[90m specs [39m[90min [39m[90m[9m30 s[29m[39m[23m
[2018-02-27T16:39:08.997] [INFO] result - 
[2018-02-27T16:39:08.997] [INFO] result - 	[32mPASSED   8 ( 100% )[39m
[2018-02-27T16:39:09.004] [INFO] result - 	[31mFAILED   0 ( 0% )[39m
[2018-02-27T16:39:09.004] [INFO] result - 	[33mSKIPPED  0 ( 0% )[39m
[2018-02-27T16:39:09.004] [INFO] result - 
[2018-02-27T16:39:09.244] [INFO] result - [[90m16:39:09[39m] I/launcher -
